19:00:02.166 [Worker-30] INFO  o.a.AndroidAnnotationProcessor:85 - Initialize AndroidAnnotations 3.0.1 with options {phase=BUILD}
19:00:02.169 [Worker-30] INFO  o.a.AndroidAnnotationProcessor:109 - Start processing for 22 annotations on 21 elements
19:00:02.188 [Worker-30] DEBUG o.a.h.AndroidManifestFinder:137 - AndroidManifest.xml file found in parent folder C:\Users\Juan\Documents\GitHub\cw-omnibus\EmPubLite\T20-AndroidAnnotations: C:\Users\Juan\Documents\GitHub\cw-omnibus\EmPubLite\T20-AndroidAnnotations\AndroidManifest.xml
19:00:02.193 [Worker-30] INFO  o.a.AndroidAnnotationProcessor:172 - AndroidManifest.xml found: AndroidManifest [applicationPackage=com.commonsware.empublite, componentQualifiedNames=[com.commonsware.empublite.EmPubLiteActivity_, com.commonsware.empublite.SimpleContentActivity_, com.commonsware.empublite.Preferences, com.commonsware.empublite.NoteActivity_, com.commonsware.empublite.DownloadCheckService_, com.commonsware.empublite.DownloadInstallService_, com.commonsware.empublite.DownloadCompleteReceiver, com.commonsware.empublite.UpdateReceiver_, com.commonsware.empublite.InstallReceiver_], permissionQualifiedNames=[android.permission.INTERNET, android.permission.DOWNLOAD_WITHOUT_NOTIFICATION, android.permission.WRITE_EXTERNAL_STORAGE, android.permission.WAKE_LOCK], applicationClassName=null, libraryProject=false, debugabble=false, minSdkVersion=9, maxSdkVersion=-1, targetSdkVersion=19]
19:00:02.194 [Worker-30] INFO  o.a.r.ProjectRClassFinder:50 - Found project R class: com.commonsware.empublite.R
19:00:02.204 [Worker-30] INFO  o.a.r.AndroidRClassFinder:44 - Found Android class: android.R
19:00:02.213 [Worker-30] INFO  o.a.p.ModelValidator:42 - Validating elements
19:00:02.216 [Worker-30] DEBUG o.a.p.ModelValidator:62 - Validating with EActivityHandler: [com.commonsware.empublite.SimpleContentActivity, com.commonsware.empublite.NoteActivity, com.commonsware.empublite.EmPubLiteActivity]
19:00:02.218 [Worker-30] DEBUG o.a.p.ModelValidator:62 - Validating with EReceiverHandler: [com.commonsware.empublite.InstallReceiver, com.commonsware.empublite.UpdateReceiver]
19:00:02.220 [Worker-30] DEBUG o.a.p.ModelValidator:62 - Validating with EServiceHandler: [com.commonsware.empublite.DownloadInstallService, com.commonsware.empublite.DownloadCheckService]
19:00:02.223 [Worker-30] DEBUG o.a.p.ModelValidator:62 - Validating with EFragmentHandler: [com.commonsware.empublite.ModelFragment, com.commonsware.empublite.NoteFragment, com.commonsware.empublite.SimpleContentFragment]
19:00:02.226 [Worker-30] DEBUG o.a.p.ModelValidator:62 - Validating with EBeanHandler: [com.commonsware.empublite.DatabaseHelper]
19:00:02.229 [Worker-30] DEBUG o.a.p.ModelValidator:62 - Validating with SharedPrefHandler: [com.commonsware.empublite.DownloadPrefs]
19:00:02.231 [Worker-30] DEBUG o.a.p.ModelValidator:62 - Validating with PrefHandler: [prefs, prefs]
19:00:02.234 [Worker-30] DEBUG o.a.p.ModelValidator:62 - Validating with ViewByIdHandler: [sidebar, divider, progressBar, pager, editor]
19:00:02.237 [Worker-30] DEBUG o.a.p.ModelValidator:62 - Validating with FragmentByIdHandler: [noteFragment, f]
19:00:02.240 [Worker-30] ERROR o.a.h.AnnotationHelper:110 - @org.androidannotations.annotations.FragmentById can only be used on an element that extends one of the following classes: [android.app.Fragment, android.support.v4.app.Fragment]
19:00:02.240 [Worker-30] WARN  o.a.p.ModelValidator:69 - Element FragmentByIdHandler unvalidated by 
19:00:02.240 [Worker-30] DEBUG o.a.p.ModelValidator:62 - Validating with FragmentByTagHandler: [about, model, help]
19:00:02.243 [Worker-30] ERROR o.a.h.AnnotationHelper:110 - @org.androidannotations.annotations.FragmentByTag can only be used on an element that extends one of the following classes: [android.app.Fragment, android.support.v4.app.Fragment]
19:00:02.243 [Worker-30] WARN  o.a.p.ModelValidator:69 - Element FragmentByTagHandler unvalidated by 
19:00:02.243 [Worker-30] DEBUG o.a.p.ModelValidator:62 - Validating with ExtraHandler: [file]
19:00:02.245 [Worker-30] DEBUG o.a.p.ModelValidator:62 - Validating with FragmentArgHandler: [file, position]
19:00:02.248 [Worker-30] DEBUG o.a.p.ModelValidator:62 - Validating with SystemServiceHandler: [mgr, mgr]
19:00:02.250 [Worker-30] DEBUG o.a.p.ModelValidator:62 - Validating with OptionsMenuHandler: [com.commonsware.empublite.NoteFragment, com.commonsware.empublite.EmPubLiteActivity]
19:00:02.253 [Worker-30] DEBUG o.a.p.ModelValidator:62 - Validating with OptionsItemHandler: [boolean homeMenuSelected() , boolean notesMenuSelected() , boolean settingsMenuSelected() , boolean updateMenuSelected() , boolean aboutMenuSelected() , boolean thenSendNotesSelected() , boolean helpMenuSelected() , boolean thenDeleteSelected() ]
19:00:02.257 [Worker-30] DEBUG o.a.p.ModelValidator:62 - Validating with RootContextHanlder: [context]
19:00:02.260 [Worker-30] DEBUG o.a.p.ModelValidator:62 - Validating with BeanHandler: [db]
19:00:02.262 [Worker-30] DEBUG o.a.p.ModelValidator:62 - Validating with HttpsClientHandler: [httpsClient]
19:00:02.264 [Worker-30] DEBUG o.a.p.ModelValidator:62 - Validating with AfterInjectHandler: [void thenAfterInject() ]
19:00:02.267 [Worker-30] DEBUG o.a.p.ModelValidator:62 - Validating with AfterViewsHandler: [void afterViews() , void thenAfterView() , void thenAfterView() ]
19:00:02.269 [Worker-30] DEBUG o.a.p.ModelValidator:62 - Validating with UiThreadHandler: [void setNoteAsync(com.commonsware.empublite.DatabaseHelper.NoteListener, java.lang.String) , void afterUpdateBook(com.commonsware.empublite.BookContents, java.lang.Exception) , void afterLoadTask(android.content.SharedPreferences) ]
19:00:02.271 [Worker-30] DEBUG o.a.p.ModelValidator:62 - Validating with BackgroundHandler: [void updateBook() , void getNoteAsync(int, com.commonsware.empublite.DatabaseHelper.NoteListener) , void deleteNoteAsync(int) , void loadTask() , void saveNoteAsync(int, java.lang.String) ]
19:00:02.274 [Worker-30] INFO  o.a.p.ModelProcessor:73 - Processing root elements
19:00:02.277 [Worker-30] DEBUG o.a.p.ModelProcessor:80 - Processing root elements EActivityHandler: [com.commonsware.empublite.SimpleContentActivity, com.commonsware.empublite.NoteActivity, com.commonsware.empublite.EmPubLiteActivity]
19:00:02.284 [Worker-30] DEBUG o.a.p.ModelProcessor:80 - Processing root elements EReceiverHandler: [com.commonsware.empublite.InstallReceiver, com.commonsware.empublite.UpdateReceiver]
19:00:02.286 [Worker-30] DEBUG o.a.p.ModelProcessor:80 - Processing root elements EServiceHandler: [com.commonsware.empublite.DownloadInstallService, com.commonsware.empublite.DownloadCheckService]
19:00:02.289 [Worker-30] DEBUG o.a.p.ModelProcessor:80 - Processing root elements EFragmentHandler: [com.commonsware.empublite.ModelFragment, com.commonsware.empublite.NoteFragment, com.commonsware.empublite.SimpleContentFragment]
19:00:02.292 [Worker-30] DEBUG o.a.p.ModelProcessor:80 - Processing root elements EBeanHandler: [com.commonsware.empublite.DatabaseHelper]
19:00:02.294 [Worker-30] DEBUG o.a.p.ModelProcessor:80 - Processing root elements SharedPrefHandler: [com.commonsware.empublite.DownloadPrefs]
19:00:02.297 [Worker-30] INFO  o.a.p.ModelProcessor:104 - Processing enclosed elements
19:00:02.302 [Worker-30] INFO  o.a.AndroidAnnotationProcessor:251 - Number of files generated by AndroidAnnotations: 12
19:00:02.305 [Worker-30] INFO  o.a.g.ApiCodeGenerator:52 - Writting following API classes in project: []
19:00:02.307 [Worker-30] DEBUG o.a.g.SourceCodewriter:55 - Generating class: com.commonsware.empublite.DatabaseHelper_
19:00:02.325 [Worker-30] DEBUG o.a.g.SourceCodewriter:55 - Generating class: com.commonsware.empublite.DownloadCheckService_
19:00:02.336 [Worker-30] DEBUG o.a.g.SourceCodewriter:55 - Generating class: com.commonsware.empublite.DownloadInstallService_
19:00:02.342 [Worker-30] DEBUG o.a.g.SourceCodewriter:55 - Generating class: com.commonsware.empublite.DownloadPrefs_
19:00:02.353 [Worker-30] DEBUG o.a.g.SourceCodewriter:55 - Generating class: com.commonsware.empublite.EmPubLiteActivity_
19:00:02.369 [Worker-30] DEBUG o.a.g.SourceCodewriter:55 - Generating class: com.commonsware.empublite.InstallReceiver_
19:00:02.374 [Worker-30] DEBUG o.a.g.SourceCodewriter:55 - Generating class: com.commonsware.empublite.ModelFragment_
19:00:02.381 [Worker-30] DEBUG o.a.g.SourceCodewriter:55 - Generating class: com.commonsware.empublite.NoteActivity_
19:00:02.388 [Worker-30] DEBUG o.a.g.SourceCodewriter:55 - Generating class: com.commonsware.empublite.NoteFragment_
19:00:02.395 [Worker-30] DEBUG o.a.g.SourceCodewriter:55 - Generating class: com.commonsware.empublite.SimpleContentActivity_
19:00:02.400 [Worker-30] DEBUG o.a.g.SourceCodewriter:55 - Generating class: com.commonsware.empublite.SimpleContentFragment_
19:00:02.407 [Worker-30] DEBUG o.a.g.SourceCodewriter:55 - Generating class: com.commonsware.empublite.UpdateReceiver_
19:00:02.412 [Worker-30] INFO  o.a.p.TimeStats:81 - Time measurements: [Whole Processing = 243 ms], [Generate Sources = 110 ms], [Validate Annotations = 61 ms], [Process Annotations = 28 ms], [Find R Classes = 19 ms], [Extract Annotations = 16 ms], [Extract Manifest = 5 ms], 
19:00:02.414 [Worker-30] INFO  o.a.AndroidAnnotationProcessor:123 - Finish processing
19:00:11.139 [Worker-22] INFO  o.a.AndroidAnnotationProcessor:85 - Initialize AndroidAnnotations 3.0.1 with options {phase=BUILD}
19:01:03.81 [Worker-4] INFO  o.a.AndroidAnnotationProcessor:85 - Initialize AndroidAnnotations 3.0.1 with options {phase=BUILD}
19:01:03.180 [Worker-4] INFO  o.a.AndroidAnnotationProcessor:109 - Start processing for 22 annotations on 21 elements
19:01:03.274 [Worker-4] DEBUG o.a.h.AndroidManifestFinder:137 - AndroidManifest.xml file found in parent folder C:\Users\Juan\Documents\GitHub\cw-omnibus\EmPubLite\T20-AndroidAnnotations: C:\Users\Juan\Documents\GitHub\cw-omnibus\EmPubLite\T20-AndroidAnnotations\AndroidManifest.xml
19:01:03.283 [Worker-4] INFO  o.a.AndroidAnnotationProcessor:172 - AndroidManifest.xml found: AndroidManifest [applicationPackage=com.commonsware.empublite, componentQualifiedNames=[com.commonsware.empublite.EmPubLiteActivity_, com.commonsware.empublite.SimpleContentActivity_, com.commonsware.empublite.Preferences, com.commonsware.empublite.NoteActivity_, com.commonsware.empublite.DownloadCheckService_, com.commonsware.empublite.DownloadInstallService_, com.commonsware.empublite.DownloadCompleteReceiver, com.commonsware.empublite.UpdateReceiver_, com.commonsware.empublite.InstallReceiver_], permissionQualifiedNames=[android.permission.INTERNET, android.permission.DOWNLOAD_WITHOUT_NOTIFICATION, android.permission.WRITE_EXTERNAL_STORAGE, android.permission.WAKE_LOCK], applicationClassName=null, libraryProject=false, debugabble=false, minSdkVersion=9, maxSdkVersion=-1, targetSdkVersion=19]
19:01:03.288 [Worker-4] INFO  o.a.r.ProjectRClassFinder:50 - Found project R class: com.commonsware.empublite.R
19:01:03.595 [Worker-4] INFO  o.a.r.AndroidRClassFinder:44 - Found Android class: android.R
19:01:03.635 [Worker-4] INFO  o.a.p.ModelValidator:42 - Validating elements
19:01:03.639 [Worker-4] DEBUG o.a.p.ModelValidator:62 - Validating with EActivityHandler: [com.commonsware.empublite.SimpleContentActivity, com.commonsware.empublite.NoteActivity, com.commonsware.empublite.EmPubLiteActivity]
19:01:03.648 [Worker-4] DEBUG o.a.p.ModelValidator:62 - Validating with EReceiverHandler: [com.commonsware.empublite.InstallReceiver, com.commonsware.empublite.UpdateReceiver]
19:01:03.651 [Worker-4] DEBUG o.a.p.ModelValidator:62 - Validating with EServiceHandler: [com.commonsware.empublite.DownloadInstallService, com.commonsware.empublite.DownloadCheckService]
19:01:03.655 [Worker-4] DEBUG o.a.p.ModelValidator:62 - Validating with EFragmentHandler: [com.commonsware.empublite.ModelFragment, com.commonsware.empublite.NoteFragment, com.commonsware.empublite.SimpleContentFragment]
19:01:03.662 [Worker-4] DEBUG o.a.p.ModelValidator:62 - Validating with EBeanHandler: [com.commonsware.empublite.DatabaseHelper]
19:01:03.666 [Worker-4] DEBUG o.a.p.ModelValidator:62 - Validating with SharedPrefHandler: [com.commonsware.empublite.DownloadPrefs]
19:01:03.674 [Worker-4] DEBUG o.a.p.ModelValidator:62 - Validating with PrefHandler: [prefs, prefs]
19:01:03.681 [Worker-4] DEBUG o.a.p.ModelValidator:62 - Validating with ViewByIdHandler: [progressBar, editor, divider, pager, sidebar]
19:01:03.691 [Worker-4] DEBUG o.a.p.ModelValidator:62 - Validating with FragmentByIdHandler: [noteFragment, f]
19:01:03.709 [Worker-4] ERROR o.a.h.AnnotationHelper:110 - @org.androidannotations.annotations.FragmentById can only be used on an element that extends one of the following classes: [android.app.Fragment, android.support.v4.app.Fragment]
19:01:03.711 [Worker-4] WARN  o.a.p.ModelValidator:69 - Element FragmentByIdHandler unvalidated by 
19:01:03.712 [Worker-4] DEBUG o.a.p.ModelValidator:62 - Validating with FragmentByTagHandler: [model, help, about]
19:01:03.725 [Worker-4] ERROR o.a.h.AnnotationHelper:110 - @org.androidannotations.annotations.FragmentByTag can only be used on an element that extends one of the following classes: [android.app.Fragment, android.support.v4.app.Fragment]
19:01:03.726 [Worker-4] WARN  o.a.p.ModelValidator:69 - Element FragmentByTagHandler unvalidated by 
19:01:03.726 [Worker-4] DEBUG o.a.p.ModelValidator:62 - Validating with ExtraHandler: [file]
19:01:03.739 [Worker-4] DEBUG o.a.p.ModelValidator:62 - Validating with FragmentArgHandler: [position, file]
19:01:03.743 [Worker-4] DEBUG o.a.p.ModelValidator:62 - Validating with SystemServiceHandler: [mgr, mgr]
19:01:03.751 [Worker-4] DEBUG o.a.p.ModelValidator:62 - Validating with OptionsMenuHandler: [com.commonsware.empublite.NoteFragment, com.commonsware.empublite.EmPubLiteActivity]
19:01:03.758 [Worker-4] DEBUG o.a.p.ModelValidator:62 - Validating with OptionsItemHandler: [boolean homeMenuSelected() , boolean settingsMenuSelected() , boolean thenSendNotesSelected() , boolean thenDeleteSelected() , boolean helpMenuSelected() , boolean notesMenuSelected() , boolean updateMenuSelected() , boolean aboutMenuSelected() ]
19:01:03.768 [Worker-4] DEBUG o.a.p.ModelValidator:62 - Validating with RootContextHanlder: [context]
19:01:03.774 [Worker-4] DEBUG o.a.p.ModelValidator:62 - Validating with BeanHandler: [db]
19:01:03.778 [Worker-4] DEBUG o.a.p.ModelValidator:62 - Validating with HttpsClientHandler: [httpsClient]
19:01:03.784 [Worker-4] DEBUG o.a.p.ModelValidator:62 - Validating with AfterInjectHandler: [void thenAfterInject() ]
19:01:03.788 [Worker-4] DEBUG o.a.p.ModelValidator:62 - Validating with AfterViewsHandler: [void thenAfterView() , void thenAfterView() , void afterViews() ]
19:01:03.792 [Worker-4] DEBUG o.a.p.ModelValidator:62 - Validating with UiThreadHandler: [void afterUpdateBook(com.commonsware.empublite.BookContents, java.lang.Exception) , void afterLoadTask(android.content.SharedPreferences) , void setNoteAsync(com.commonsware.empublite.DatabaseHelper.NoteListener, java.lang.String) ]
19:01:03.796 [Worker-4] DEBUG o.a.p.ModelValidator:62 - Validating with BackgroundHandler: [void deleteNoteAsync(int) , void saveNoteAsync(int, java.lang.String) , void updateBook() , void loadTask() , void getNoteAsync(int, com.commonsware.empublite.DatabaseHelper.NoteListener) ]
19:01:03.813 [Worker-4] INFO  o.a.p.ModelProcessor:73 - Processing root elements
19:01:03.817 [Worker-4] DEBUG o.a.p.ModelProcessor:80 - Processing root elements EActivityHandler: [com.commonsware.empublite.SimpleContentActivity, com.commonsware.empublite.NoteActivity, com.commonsware.empublite.EmPubLiteActivity]
19:01:03.858 [Worker-4] DEBUG o.a.p.ModelProcessor:80 - Processing root elements EReceiverHandler: [com.commonsware.empublite.InstallReceiver, com.commonsware.empublite.UpdateReceiver]
19:01:03.862 [Worker-4] DEBUG o.a.p.ModelProcessor:80 - Processing root elements EServiceHandler: [com.commonsware.empublite.DownloadInstallService, com.commonsware.empublite.DownloadCheckService]
19:01:03.867 [Worker-4] DEBUG o.a.p.ModelProcessor:80 - Processing root elements EFragmentHandler: [com.commonsware.empublite.ModelFragment, com.commonsware.empublite.NoteFragment, com.commonsware.empublite.SimpleContentFragment]
19:01:03.875 [Worker-4] DEBUG o.a.p.ModelProcessor:80 - Processing root elements EBeanHandler: [com.commonsware.empublite.DatabaseHelper]
19:01:03.879 [Worker-4] DEBUG o.a.p.ModelProcessor:80 - Processing root elements SharedPrefHandler: [com.commonsware.empublite.DownloadPrefs]
19:01:03.888 [Worker-4] INFO  o.a.p.ModelProcessor:104 - Processing enclosed elements
19:01:03.913 [Worker-4] INFO  o.a.AndroidAnnotationProcessor:251 - Number of files generated by AndroidAnnotations: 12
19:01:03.919 [Worker-4] INFO  o.a.g.ApiCodeGenerator:52 - Writting following API classes in project: []
19:01:03.925 [Worker-4] DEBUG o.a.g.SourceCodewriter:55 - Generating class: com.commonsware.empublite.DatabaseHelper_
19:01:03.977 [Worker-4] DEBUG o.a.g.SourceCodewriter:55 - Generating class: com.commonsware.empublite.DownloadCheckService_
19:01:03.999 [Worker-4] DEBUG o.a.g.SourceCodewriter:55 - Generating class: com.commonsware.empublite.DownloadInstallService_
19:01:04.13 [Worker-4] DEBUG o.a.g.SourceCodewriter:55 - Generating class: com.commonsware.empublite.DownloadPrefs_
19:01:04.29 [Worker-4] DEBUG o.a.g.SourceCodewriter:55 - Generating class: com.commonsware.empublite.EmPubLiteActivity_
19:01:04.53 [Worker-4] DEBUG o.a.g.SourceCodewriter:55 - Generating class: com.commonsware.empublite.InstallReceiver_
19:01:04.60 [Worker-4] DEBUG o.a.g.SourceCodewriter:55 - Generating class: com.commonsware.empublite.ModelFragment_
19:01:04.70 [Worker-4] DEBUG o.a.g.SourceCodewriter:55 - Generating class: com.commonsware.empublite.NoteActivity_
19:01:04.77 [Worker-4] DEBUG o.a.g.SourceCodewriter:55 - Generating class: com.commonsware.empublite.NoteFragment_
19:01:04.83 [Worker-4] DEBUG o.a.g.SourceCodewriter:55 - Generating class: com.commonsware.empublite.SimpleContentActivity_
19:01:04.90 [Worker-4] DEBUG o.a.g.SourceCodewriter:55 - Generating class: com.commonsware.empublite.SimpleContentFragment_
19:01:04.96 [Worker-4] DEBUG o.a.g.SourceCodewriter:55 - Generating class: com.commonsware.empublite.UpdateReceiver_
19:01:04.101 [Worker-4] INFO  o.a.p.TimeStats:81 - Time measurements: [Whole Processing = 922 ms], [Find R Classes = 337 ms], [Generate Sources = 188 ms], [Validate Annotations = 166 ms], [Process Annotations = 112 ms], [Extract Annotations = 87 ms], [Extract Manifest = 11 ms], 
19:01:04.103 [Worker-4] INFO  o.a.AndroidAnnotationProcessor:123 - Finish processing
19:01:21.8 [Worker-0] INFO  o.a.AndroidAnnotationProcessor:85 - Initialize AndroidAnnotations 3.0.1 with options {phase=BUILD}
19:01:21.13 [Worker-0] INFO  o.a.AndroidAnnotationProcessor:109 - Start processing for 22 annotations on 21 elements
19:01:21.54 [Worker-0] DEBUG o.a.h.AndroidManifestFinder:137 - AndroidManifest.xml file found in parent folder C:\Users\Juan\Documents\GitHub\cw-omnibus\EmPubLite\T20-AndroidAnnotations: C:\Users\Juan\Documents\GitHub\cw-omnibus\EmPubLite\T20-AndroidAnnotations\AndroidManifest.xml
19:01:21.61 [Worker-0] INFO  o.a.AndroidAnnotationProcessor:172 - AndroidManifest.xml found: AndroidManifest [applicationPackage=com.commonsware.empublite, componentQualifiedNames=[com.commonsware.empublite.EmPubLiteActivity_, com.commonsware.empublite.SimpleContentActivity_, com.commonsware.empublite.Preferences, com.commonsware.empublite.NoteActivity_, com.commonsware.empublite.DownloadCheckService_, com.commonsware.empublite.DownloadInstallService_, com.commonsware.empublite.DownloadCompleteReceiver, com.commonsware.empublite.UpdateReceiver_, com.commonsware.empublite.InstallReceiver_], permissionQualifiedNames=[android.permission.INTERNET, android.permission.DOWNLOAD_WITHOUT_NOTIFICATION, android.permission.WRITE_EXTERNAL_STORAGE, android.permission.WAKE_LOCK], applicationClassName=null, libraryProject=false, debugabble=false, minSdkVersion=9, maxSdkVersion=-1, targetSdkVersion=19]
19:01:21.65 [Worker-0] INFO  o.a.r.ProjectRClassFinder:50 - Found project R class: com.commonsware.empublite.R
19:01:21.89 [Worker-0] INFO  o.a.r.AndroidRClassFinder:44 - Found Android class: android.R
19:01:21.106 [Worker-0] INFO  o.a.p.ModelValidator:42 - Validating elements
19:01:21.110 [Worker-0] DEBUG o.a.p.ModelValidator:62 - Validating with EActivityHandler: [com.commonsware.empublite.SimpleContentActivity, com.commonsware.empublite.NoteActivity, com.commonsware.empublite.EmPubLiteActivity]
19:01:21.115 [Worker-0] DEBUG o.a.p.ModelValidator:62 - Validating with EReceiverHandler: [com.commonsware.empublite.InstallReceiver, com.commonsware.empublite.UpdateReceiver]
19:01:21.119 [Worker-0] DEBUG o.a.p.ModelValidator:62 - Validating with EServiceHandler: [com.commonsware.empublite.DownloadInstallService, com.commonsware.empublite.DownloadCheckService]
19:01:21.123 [Worker-0] DEBUG o.a.p.ModelValidator:62 - Validating with EFragmentHandler: [com.commonsware.empublite.ModelFragment, com.commonsware.empublite.NoteFragment, com.commonsware.empublite.SimpleContentFragment]
19:01:21.127 [Worker-0] DEBUG o.a.p.ModelValidator:62 - Validating with EBeanHandler: [com.commonsware.empublite.DatabaseHelper]
19:01:21.130 [Worker-0] DEBUG o.a.p.ModelValidator:62 - Validating with SharedPrefHandler: [com.commonsware.empublite.DownloadPrefs]
19:01:21.133 [Worker-0] DEBUG o.a.p.ModelValidator:62 - Validating with PrefHandler: [prefs, prefs]
19:01:21.136 [Worker-0] DEBUG o.a.p.ModelValidator:62 - Validating with ViewByIdHandler: [pager, sidebar, progressBar, divider, editor]
19:01:21.142 [Worker-0] DEBUG o.a.p.ModelValidator:62 - Validating with FragmentByIdHandler: [f, noteFragment]
19:01:21.145 [Worker-0] ERROR o.a.h.AnnotationHelper:110 - @org.androidannotations.annotations.FragmentById can only be used on an element that extends one of the following classes: [android.app.Fragment, android.support.v4.app.Fragment]
19:01:21.146 [Worker-0] WARN  o.a.p.ModelValidator:69 - Element FragmentByIdHandler unvalidated by 
19:01:21.146 [Worker-0] DEBUG o.a.p.ModelValidator:62 - Validating with FragmentByTagHandler: [about, model, help]
19:01:21.149 [Worker-0] ERROR o.a.h.AnnotationHelper:110 - @org.androidannotations.annotations.FragmentByTag can only be used on an element that extends one of the following classes: [android.app.Fragment, android.support.v4.app.Fragment]
19:01:21.149 [Worker-0] WARN  o.a.p.ModelValidator:69 - Element FragmentByTagHandler unvalidated by 
19:01:21.149 [Worker-0] DEBUG o.a.p.ModelValidator:62 - Validating with ExtraHandler: [file]
19:01:21.152 [Worker-0] DEBUG o.a.p.ModelValidator:62 - Validating with FragmentArgHandler: [file, position]
19:01:21.154 [Worker-0] DEBUG o.a.p.ModelValidator:62 - Validating with SystemServiceHandler: [mgr, mgr]
19:01:21.157 [Worker-0] DEBUG o.a.p.ModelValidator:62 - Validating with OptionsMenuHandler: [com.commonsware.empublite.NoteFragment, com.commonsware.empublite.EmPubLiteActivity]
19:01:21.160 [Worker-0] DEBUG o.a.p.ModelValidator:62 - Validating with OptionsItemHandler: [boolean notesMenuSelected() , boolean updateMenuSelected() , boolean settingsMenuSelected() , boolean helpMenuSelected() , boolean thenSendNotesSelected() , boolean aboutMenuSelected() , boolean homeMenuSelected() , boolean thenDeleteSelected() ]
19:01:21.165 [Worker-0] DEBUG o.a.p.ModelValidator:62 - Validating with RootContextHanlder: [context]
19:01:21.168 [Worker-0] DEBUG o.a.p.ModelValidator:62 - Validating with BeanHandler: [db]
19:01:21.171 [Worker-0] DEBUG o.a.p.ModelValidator:62 - Validating with HttpsClientHandler: [httpsClient]
19:01:21.174 [Worker-0] DEBUG o.a.p.ModelValidator:62 - Validating with AfterInjectHandler: [void thenAfterInject() ]
19:01:21.176 [Worker-0] DEBUG o.a.p.ModelValidator:62 - Validating with AfterViewsHandler: [void afterViews() , void thenAfterView() , void thenAfterView() ]
19:01:21.179 [Worker-0] DEBUG o.a.p.ModelValidator:62 - Validating with UiThreadHandler: [void afterUpdateBook(com.commonsware.empublite.BookContents, java.lang.Exception) , void afterLoadTask(android.content.SharedPreferences) , void setNoteAsync(com.commonsware.empublite.DatabaseHelper.NoteListener, java.lang.String) ]
19:01:21.183 [Worker-0] DEBUG o.a.p.ModelValidator:62 - Validating with BackgroundHandler: [void loadTask() , void saveNoteAsync(int, java.lang.String) , void deleteNoteAsync(int) , void updateBook() , void getNoteAsync(int, com.commonsware.empublite.DatabaseHelper.NoteListener) ]
19:01:21.187 [Worker-0] INFO  o.a.p.ModelProcessor:73 - Processing root elements
19:01:21.191 [Worker-0] DEBUG o.a.p.ModelProcessor:80 - Processing root elements EActivityHandler: [com.commonsware.empublite.SimpleContentActivity, com.commonsware.empublite.NoteActivity, com.commonsware.empublite.EmPubLiteActivity]
19:01:21.206 [Worker-0] DEBUG o.a.p.ModelProcessor:80 - Processing root elements EReceiverHandler: [com.commonsware.empublite.InstallReceiver, com.commonsware.empublite.UpdateReceiver]
19:01:21.209 [Worker-0] DEBUG o.a.p.ModelProcessor:80 - Processing root elements EServiceHandler: [com.commonsware.empublite.DownloadInstallService, com.commonsware.empublite.DownloadCheckService]
19:01:21.213 [Worker-0] DEBUG o.a.p.ModelProcessor:80 - Processing root elements EFragmentHandler: [com.commonsware.empublite.ModelFragment, com.commonsware.empublite.NoteFragment, com.commonsware.empublite.SimpleContentFragment]
19:01:21.218 [Worker-0] DEBUG o.a.p.ModelProcessor:80 - Processing root elements EBeanHandler: [com.commonsware.empublite.DatabaseHelper]
19:01:21.222 [Worker-0] DEBUG o.a.p.ModelProcessor:80 - Processing root elements SharedPrefHandler: [com.commonsware.empublite.DownloadPrefs]
19:01:21.226 [Worker-0] INFO  o.a.p.ModelProcessor:104 - Processing enclosed elements
19:01:21.235 [Worker-0] INFO  o.a.AndroidAnnotationProcessor:251 - Number of files generated by AndroidAnnotations: 12
19:01:21.239 [Worker-0] INFO  o.a.g.ApiCodeGenerator:52 - Writting following API classes in project: []
19:01:21.242 [Worker-0] DEBUG o.a.g.SourceCodewriter:55 - Generating class: com.commonsware.empublite.DatabaseHelper_
19:01:21.269 [Worker-0] DEBUG o.a.g.SourceCodewriter:55 - Generating class: com.commonsware.empublite.DownloadCheckService_
19:01:21.305 [Worker-0] DEBUG o.a.g.SourceCodewriter:55 - Generating class: com.commonsware.empublite.DownloadInstallService_
19:01:21.328 [Worker-0] DEBUG o.a.g.SourceCodewriter:55 - Generating class: com.commonsware.empublite.DownloadPrefs_
19:01:21.356 [Worker-0] DEBUG o.a.g.SourceCodewriter:55 - Generating class: com.commonsware.empublite.EmPubLiteActivity_
19:01:21.484 [Worker-0] DEBUG o.a.g.SourceCodewriter:55 - Generating class: com.commonsware.empublite.InstallReceiver_
19:01:21.497 [Worker-0] DEBUG o.a.g.SourceCodewriter:55 - Generating class: com.commonsware.empublite.ModelFragment_
19:01:21.510 [Worker-0] DEBUG o.a.g.SourceCodewriter:55 - Generating class: com.commonsware.empublite.NoteActivity_
19:01:21.522 [Worker-0] DEBUG o.a.g.SourceCodewriter:55 - Generating class: com.commonsware.empublite.NoteFragment_
19:01:21.531 [Worker-0] DEBUG o.a.g.SourceCodewriter:55 - Generating class: com.commonsware.empublite.SimpleContentActivity_
19:01:21.541 [Worker-0] DEBUG o.a.g.SourceCodewriter:55 - Generating class: com.commonsware.empublite.SimpleContentFragment_
19:01:21.550 [Worker-0] DEBUG o.a.g.SourceCodewriter:55 - Generating class: com.commonsware.empublite.UpdateReceiver_
19:01:21.558 [Worker-0] INFO  o.a.p.TimeStats:81 - Time measurements: [Whole Processing = 545 ms], [Generate Sources = 323 ms], [Validate Annotations = 81 ms], [Process Annotations = 48 ms], [Find R Classes = 41 ms], [Extract Annotations = 36 ms], [Extract Manifest = 8 ms], 
19:01:21.562 [Worker-0] INFO  o.a.AndroidAnnotationProcessor:123 - Finish processing
17:14:53.336 [Worker-15] INFO  o.a.AndroidAnnotationProcessor:85 - Initialize AndroidAnnotations 3.0.1 with options {phase=BUILD}
17:14:53.459 [Worker-15] INFO  o.a.AndroidAnnotationProcessor:109 - Start processing for 22 annotations on 21 elements
17:14:53.550 [Worker-15] DEBUG o.a.h.AndroidManifestFinder:137 - AndroidManifest.xml file found in parent folder C:\Users\Juan\Documents\GitHub\cw-omnibus\EmPubLite\T20-AndroidAnnotations: C:\Users\Juan\Documents\GitHub\cw-omnibus\EmPubLite\T20-AndroidAnnotations\AndroidManifest.xml
17:14:53.558 [Worker-15] INFO  o.a.AndroidAnnotationProcessor:172 - AndroidManifest.xml found: AndroidManifest [applicationPackage=com.commonsware.empublite, componentQualifiedNames=[com.commonsware.empublite.EmPubLiteActivity_, com.commonsware.empublite.SimpleContentActivity_, com.commonsware.empublite.Preferences, com.commonsware.empublite.NoteActivity_, com.commonsware.empublite.DownloadCheckService_, com.commonsware.empublite.DownloadInstallService_, com.commonsware.empublite.DownloadCompleteReceiver, com.commonsware.empublite.UpdateReceiver_, com.commonsware.empublite.InstallReceiver_], permissionQualifiedNames=[android.permission.INTERNET, android.permission.DOWNLOAD_WITHOUT_NOTIFICATION, android.permission.WRITE_EXTERNAL_STORAGE, android.permission.WAKE_LOCK], applicationClassName=null, libraryProject=false, debugabble=false, minSdkVersion=9, maxSdkVersion=-1, targetSdkVersion=19]
17:14:53.563 [Worker-15] INFO  o.a.r.ProjectRClassFinder:50 - Found project R class: com.commonsware.empublite.R
17:14:53.598 [Worker-15] INFO  o.a.r.AndroidRClassFinder:44 - Found Android class: android.R
17:14:53.626 [Worker-15] INFO  o.a.p.ModelValidator:42 - Validating elements
17:14:53.629 [Worker-15] DEBUG o.a.p.ModelValidator:62 - Validating with EActivityHandler: [com.commonsware.empublite.SimpleContentActivity, com.commonsware.empublite.NoteActivity, com.commonsware.empublite.EmPubLiteActivity]
17:14:53.634 [Worker-15] DEBUG o.a.p.ModelValidator:62 - Validating with EReceiverHandler: [com.commonsware.empublite.InstallReceiver, com.commonsware.empublite.UpdateReceiver]
17:14:53.638 [Worker-15] DEBUG o.a.p.ModelValidator:62 - Validating with EServiceHandler: [com.commonsware.empublite.DownloadInstallService, com.commonsware.empublite.DownloadCheckService]
17:14:53.641 [Worker-15] DEBUG o.a.p.ModelValidator:62 - Validating with EFragmentHandler: [com.commonsware.empublite.ModelFragment, com.commonsware.empublite.NoteFragment, com.commonsware.empublite.SimpleContentFragment]
17:14:53.648 [Worker-15] DEBUG o.a.p.ModelValidator:62 - Validating with EBeanHandler: [com.commonsware.empublite.DatabaseHelper]
17:14:53.651 [Worker-15] DEBUG o.a.p.ModelValidator:62 - Validating with SharedPrefHandler: [com.commonsware.empublite.DownloadPrefs]
17:14:53.657 [Worker-15] DEBUG o.a.p.ModelValidator:62 - Validating with PrefHandler: [prefs, prefs]
17:14:53.662 [Worker-15] DEBUG o.a.p.ModelValidator:62 - Validating with ViewByIdHandler: [pager, progressBar, sidebar, divider, editor]
17:14:53.671 [Worker-15] DEBUG o.a.p.ModelValidator:62 - Validating with FragmentByIdHandler: [f, noteFragment]
17:14:53.677 [Worker-15] ERROR o.a.h.AnnotationHelper:110 - @org.androidannotations.annotations.FragmentById can only be used on an element that extends one of the following classes: [android.app.Fragment, android.support.v4.app.Fragment]
17:14:53.678 [Worker-15] WARN  o.a.p.ModelValidator:69 - Element FragmentByIdHandler unvalidated by 
17:14:53.678 [Worker-15] DEBUG o.a.p.ModelValidator:62 - Validating with FragmentByTagHandler: [about, help, model]
17:14:53.682 [Worker-15] ERROR o.a.h.AnnotationHelper:110 - @org.androidannotations.annotations.FragmentByTag can only be used on an element that extends one of the following classes: [android.app.Fragment, android.support.v4.app.Fragment]
17:14:53.682 [Worker-15] WARN  o.a.p.ModelValidator:69 - Element FragmentByTagHandler unvalidated by 
17:14:53.682 [Worker-15] DEBUG o.a.p.ModelValidator:62 - Validating with ExtraHandler: [file]
17:14:53.686 [Worker-15] DEBUG o.a.p.ModelValidator:62 - Validating with FragmentArgHandler: [file, position]
17:14:53.690 [Worker-15] DEBUG o.a.p.ModelValidator:62 - Validating with SystemServiceHandler: [mgr, mgr]
17:14:53.695 [Worker-15] DEBUG o.a.p.ModelValidator:62 - Validating with OptionsMenuHandler: [com.commonsware.empublite.NoteFragment, com.commonsware.empublite.EmPubLiteActivity]
17:14:53.701 [Worker-15] DEBUG o.a.p.ModelValidator:62 - Validating with OptionsItemHandler: [boolean aboutMenuSelected() , boolean notesMenuSelected() , boolean thenSendNotesSelected() , boolean settingsMenuSelected() , boolean thenDeleteSelected() , boolean homeMenuSelected() , boolean helpMenuSelected() , boolean updateMenuSelected() ]
17:14:53.711 [Worker-15] DEBUG o.a.p.ModelValidator:62 - Validating with RootContextHanlder: [context]
17:14:53.717 [Worker-15] DEBUG o.a.p.ModelValidator:62 - Validating with BeanHandler: [db]
17:14:53.721 [Worker-15] DEBUG o.a.p.ModelValidator:62 - Validating with HttpsClientHandler: [httpsClient]
17:14:53.727 [Worker-15] DEBUG o.a.p.ModelValidator:62 - Validating with AfterInjectHandler: [void thenAfterInject() ]
17:14:53.730 [Worker-15] DEBUG o.a.p.ModelValidator:62 - Validating with AfterViewsHandler: [void thenAfterView() , void thenAfterView() , void afterViews() ]
17:14:53.734 [Worker-15] DEBUG o.a.p.ModelValidator:62 - Validating with UiThreadHandler: [void afterUpdateBook(com.commonsware.empublite.BookContents, java.lang.Exception) , void afterLoadTask(android.content.SharedPreferences) , void setNoteAsync(com.commonsware.empublite.DatabaseHelper.NoteListener, java.lang.String) ]
17:14:53.738 [Worker-15] DEBUG o.a.p.ModelValidator:62 - Validating with BackgroundHandler: [void updateBook() , void saveNoteAsync(int, java.lang.String) , void deleteNoteAsync(int) , void getNoteAsync(int, com.commonsware.empublite.DatabaseHelper.NoteListener) , void loadTask() ]
17:14:53.756 [Worker-15] INFO  o.a.p.ModelProcessor:73 - Processing root elements
17:14:53.759 [Worker-15] DEBUG o.a.p.ModelProcessor:80 - Processing root elements EActivityHandler: [com.commonsware.empublite.SimpleContentActivity, com.commonsware.empublite.NoteActivity, com.commonsware.empublite.EmPubLiteActivity]
17:14:53.842 [Worker-15] DEBUG o.a.p.ModelProcessor:80 - Processing root elements EReceiverHandler: [com.commonsware.empublite.InstallReceiver, com.commonsware.empublite.UpdateReceiver]
17:14:53.845 [Worker-15] DEBUG o.a.p.ModelProcessor:80 - Processing root elements EServiceHandler: [com.commonsware.empublite.DownloadInstallService, com.commonsware.empublite.DownloadCheckService]
17:14:53.850 [Worker-15] DEBUG o.a.p.ModelProcessor:80 - Processing root elements EFragmentHandler: [com.commonsware.empublite.ModelFragment, com.commonsware.empublite.NoteFragment, com.commonsware.empublite.SimpleContentFragment]
17:14:53.861 [Worker-15] DEBUG o.a.p.ModelProcessor:80 - Processing root elements EBeanHandler: [com.commonsware.empublite.DatabaseHelper]
17:14:53.866 [Worker-15] DEBUG o.a.p.ModelProcessor:80 - Processing root elements SharedPrefHandler: [com.commonsware.empublite.DownloadPrefs]
17:14:53.882 [Worker-15] INFO  o.a.p.ModelProcessor:104 - Processing enclosed elements
17:14:53.910 [Worker-15] INFO  o.a.AndroidAnnotationProcessor:251 - Number of files generated by AndroidAnnotations: 12
17:14:53.915 [Worker-15] INFO  o.a.g.ApiCodeGenerator:52 - Writting following API classes in project: []
17:14:53.918 [Worker-15] DEBUG o.a.g.SourceCodewriter:55 - Generating class: com.commonsware.empublite.DatabaseHelper_
17:14:53.937 [Worker-15] DEBUG o.a.g.SourceCodewriter:55 - Generating class: com.commonsware.empublite.DownloadCheckService_
17:14:53.947 [Worker-15] DEBUG o.a.g.SourceCodewriter:55 - Generating class: com.commonsware.empublite.DownloadInstallService_
17:14:53.956 [Worker-15] DEBUG o.a.g.SourceCodewriter:55 - Generating class: com.commonsware.empublite.DownloadPrefs_
17:14:53.964 [Worker-15] DEBUG o.a.g.SourceCodewriter:55 - Generating class: com.commonsware.empublite.EmPubLiteActivity_
17:14:53.976 [Worker-15] DEBUG o.a.g.SourceCodewriter:55 - Generating class: com.commonsware.empublite.InstallReceiver_
17:14:53.983 [Worker-15] DEBUG o.a.g.SourceCodewriter:55 - Generating class: com.commonsware.empublite.ModelFragment_
17:14:53.993 [Worker-15] DEBUG o.a.g.SourceCodewriter:55 - Generating class: com.commonsware.empublite.NoteActivity_
17:14:54.0 [Worker-15] DEBUG o.a.g.SourceCodewriter:55 - Generating class: com.commonsware.empublite.NoteFragment_
17:14:54.8 [Worker-15] DEBUG o.a.g.SourceCodewriter:55 - Generating class: com.commonsware.empublite.SimpleContentActivity_
17:14:54.18 [Worker-15] DEBUG o.a.g.SourceCodewriter:55 - Generating class: com.commonsware.empublite.SimpleContentFragment_
17:14:54.25 [Worker-15] DEBUG o.a.g.SourceCodewriter:55 - Generating class: com.commonsware.empublite.UpdateReceiver_
17:14:54.32 [Worker-15] INFO  o.a.p.TimeStats:81 - Time measurements: [Whole Processing = 572 ms], [Process Annotations = 167 ms], [Generate Sources = 121 ms], [Validate Annotations = 118 ms], [Extract Annotations = 75 ms], [Find R Classes = 53 ms], [Extract Manifest = 21 ms], 
17:14:54.34 [Worker-15] INFO  o.a.AndroidAnnotationProcessor:123 - Finish processing
17:15:43.33 [Worker-0] INFO  o.a.AndroidAnnotationProcessor:85 - Initialize AndroidAnnotations 3.0.1 with options {phase=BUILD}
17:15:43.37 [Worker-0] INFO  o.a.AndroidAnnotationProcessor:109 - Start processing for 22 annotations on 21 elements
17:15:43.64 [Worker-0] DEBUG o.a.h.AndroidManifestFinder:137 - AndroidManifest.xml file found in parent folder C:\Users\Juan\Documents\GitHub\cw-omnibus\EmPubLite\T20-AndroidAnnotations: C:\Users\Juan\Documents\GitHub\cw-omnibus\EmPubLite\T20-AndroidAnnotations\AndroidManifest.xml
17:15:43.71 [Worker-0] INFO  o.a.AndroidAnnotationProcessor:172 - AndroidManifest.xml found: AndroidManifest [applicationPackage=com.commonsware.empublite, componentQualifiedNames=[com.commonsware.empublite.EmPubLiteActivity_, com.commonsware.empublite.SimpleContentActivity_, com.commonsware.empublite.Preferences, com.commonsware.empublite.NoteActivity_, com.commonsware.empublite.DownloadCheckService_, com.commonsware.empublite.DownloadInstallService_, com.commonsware.empublite.DownloadCompleteReceiver, com.commonsware.empublite.UpdateReceiver_, com.commonsware.empublite.InstallReceiver_], permissionQualifiedNames=[android.permission.INTERNET, android.permission.DOWNLOAD_WITHOUT_NOTIFICATION, android.permission.WRITE_EXTERNAL_STORAGE, android.permission.WAKE_LOCK], applicationClassName=null, libraryProject=false, debugabble=false, minSdkVersion=9, maxSdkVersion=-1, targetSdkVersion=19]
17:15:43.75 [Worker-0] INFO  o.a.r.ProjectRClassFinder:50 - Found project R class: com.commonsware.empublite.R
17:15:43.92 [Worker-0] INFO  o.a.r.AndroidRClassFinder:44 - Found Android class: android.R
17:15:43.106 [Worker-0] INFO  o.a.p.ModelValidator:42 - Validating elements
17:15:43.110 [Worker-0] DEBUG o.a.p.ModelValidator:62 - Validating with EActivityHandler: [com.commonsware.empublite.SimpleContentActivity, com.commonsware.empublite.NoteActivity, com.commonsware.empublite.EmPubLiteActivity]
17:15:43.114 [Worker-0] DEBUG o.a.p.ModelValidator:62 - Validating with EReceiverHandler: [com.commonsware.empublite.InstallReceiver, com.commonsware.empublite.UpdateReceiver]
17:15:43.118 [Worker-0] DEBUG o.a.p.ModelValidator:62 - Validating with EServiceHandler: [com.commonsware.empublite.DownloadInstallService, com.commonsware.empublite.DownloadCheckService]
17:15:43.121 [Worker-0] DEBUG o.a.p.ModelValidator:62 - Validating with EFragmentHandler: [com.commonsware.empublite.ModelFragment, com.commonsware.empublite.NoteFragment, com.commonsware.empublite.SimpleContentFragment]
17:15:43.123 [Worker-0] DEBUG o.a.p.ModelValidator:62 - Validating with EBeanHandler: [com.commonsware.empublite.DatabaseHelper]
17:15:43.126 [Worker-0] DEBUG o.a.p.ModelValidator:62 - Validating with SharedPrefHandler: [com.commonsware.empublite.DownloadPrefs]
17:15:43.128 [Worker-0] DEBUG o.a.p.ModelValidator:62 - Validating with PrefHandler: [prefs, prefs]
17:15:43.131 [Worker-0] DEBUG o.a.p.ModelValidator:62 - Validating with ViewByIdHandler: [sidebar, progressBar, editor, pager, divider]
17:15:43.134 [Worker-0] DEBUG o.a.p.ModelValidator:62 - Validating with FragmentByIdHandler: [noteFragment, f]
17:15:43.137 [Worker-0] ERROR o.a.h.AnnotationHelper:110 - @org.androidannotations.annotations.FragmentById can only be used on an element that extends one of the following classes: [android.app.Fragment, android.support.v4.app.Fragment]
17:15:43.137 [Worker-0] WARN  o.a.p.ModelValidator:69 - Element FragmentByIdHandler unvalidated by 
17:15:43.137 [Worker-0] DEBUG o.a.p.ModelValidator:62 - Validating with FragmentByTagHandler: [help, about, model]
17:15:43.140 [Worker-0] ERROR o.a.h.AnnotationHelper:110 - @org.androidannotations.annotations.FragmentByTag can only be used on an element that extends one of the following classes: [android.app.Fragment, android.support.v4.app.Fragment]
17:15:43.140 [Worker-0] WARN  o.a.p.ModelValidator:69 - Element FragmentByTagHandler unvalidated by 
17:15:43.140 [Worker-0] DEBUG o.a.p.ModelValidator:62 - Validating with ExtraHandler: [file]
17:15:43.142 [Worker-0] DEBUG o.a.p.ModelValidator:62 - Validating with FragmentArgHandler: [file, position]
17:15:43.145 [Worker-0] DEBUG o.a.p.ModelValidator:62 - Validating with SystemServiceHandler: [mgr, mgr]
17:15:43.147 [Worker-0] DEBUG o.a.p.ModelValidator:62 - Validating with OptionsMenuHandler: [com.commonsware.empublite.NoteFragment, com.commonsware.empublite.EmPubLiteActivity]
17:15:43.149 [Worker-0] DEBUG o.a.p.ModelValidator:62 - Validating with OptionsItemHandler: [boolean homeMenuSelected() , boolean settingsMenuSelected() , boolean aboutMenuSelected() , boolean thenDeleteSelected() , boolean thenSendNotesSelected() , boolean helpMenuSelected() , boolean notesMenuSelected() , boolean updateMenuSelected() ]
17:15:43.153 [Worker-0] DEBUG o.a.p.ModelValidator:62 - Validating with RootContextHanlder: [context]
17:15:43.155 [Worker-0] DEBUG o.a.p.ModelValidator:62 - Validating with BeanHandler: [db]
17:15:43.157 [Worker-0] DEBUG o.a.p.ModelValidator:62 - Validating with HttpsClientHandler: [httpsClient]
17:15:43.160 [Worker-0] DEBUG o.a.p.ModelValidator:62 - Validating with AfterInjectHandler: [void thenAfterInject() ]
17:15:43.162 [Worker-0] DEBUG o.a.p.ModelValidator:62 - Validating with AfterViewsHandler: [void thenAfterView() , void thenAfterView() , void afterViews() ]
17:15:43.164 [Worker-0] DEBUG o.a.p.ModelValidator:62 - Validating with UiThreadHandler: [void afterLoadTask(android.content.SharedPreferences) , void afterUpdateBook(com.commonsware.empublite.BookContents, java.lang.Exception) , void setNoteAsync(com.commonsware.empublite.DatabaseHelper.NoteListener, java.lang.String) ]
17:15:43.166 [Worker-0] DEBUG o.a.p.ModelValidator:62 - Validating with BackgroundHandler: [void loadTask() , void updateBook() , void saveNoteAsync(int, java.lang.String) , void deleteNoteAsync(int) , void getNoteAsync(int, com.commonsware.empublite.DatabaseHelper.NoteListener) ]
17:15:43.169 [Worker-0] INFO  o.a.p.ModelProcessor:73 - Processing root elements
17:15:43.171 [Worker-0] DEBUG o.a.p.ModelProcessor:80 - Processing root elements EActivityHandler: [com.commonsware.empublite.SimpleContentActivity, com.commonsware.empublite.NoteActivity, com.commonsware.empublite.EmPubLiteActivity]
17:15:43.179 [Worker-0] DEBUG o.a.p.ModelProcessor:80 - Processing root elements EReceiverHandler: [com.commonsware.empublite.InstallReceiver, com.commonsware.empublite.UpdateReceiver]
17:15:43.182 [Worker-0] DEBUG o.a.p.ModelProcessor:80 - Processing root elements EServiceHandler: [com.commonsware.empublite.DownloadInstallService, com.commonsware.empublite.DownloadCheckService]
17:15:43.185 [Worker-0] DEBUG o.a.p.ModelProcessor:80 - Processing root elements EFragmentHandler: [com.commonsware.empublite.ModelFragment, com.commonsware.empublite.NoteFragment, com.commonsware.empublite.SimpleContentFragment]
17:15:43.188 [Worker-0] DEBUG o.a.p.ModelProcessor:80 - Processing root elements EBeanHandler: [com.commonsware.empublite.DatabaseHelper]
17:15:43.190 [Worker-0] DEBUG o.a.p.ModelProcessor:80 - Processing root elements SharedPrefHandler: [com.commonsware.empublite.DownloadPrefs]
17:15:43.192 [Worker-0] INFO  o.a.p.ModelProcessor:104 - Processing enclosed elements
17:15:43.198 [Worker-0] INFO  o.a.AndroidAnnotationProcessor:251 - Number of files generated by AndroidAnnotations: 12
17:15:43.201 [Worker-0] INFO  o.a.g.ApiCodeGenerator:52 - Writting following API classes in project: []
17:15:43.203 [Worker-0] DEBUG o.a.g.SourceCodewriter:55 - Generating class: com.commonsware.empublite.DatabaseHelper_
17:15:43.211 [Worker-0] DEBUG o.a.g.SourceCodewriter:55 - Generating class: com.commonsware.empublite.DownloadCheckService_
17:15:43.216 [Worker-0] DEBUG o.a.g.SourceCodewriter:55 - Generating class: com.commonsware.empublite.DownloadInstallService_
17:15:43.222 [Worker-0] DEBUG o.a.g.SourceCodewriter:55 - Generating class: com.commonsware.empublite.DownloadPrefs_
17:15:43.229 [Worker-0] DEBUG o.a.g.SourceCodewriter:55 - Generating class: com.commonsware.empublite.EmPubLiteActivity_
17:15:43.238 [Worker-0] DEBUG o.a.g.SourceCodewriter:55 - Generating class: com.commonsware.empublite.InstallReceiver_
17:15:43.244 [Worker-0] DEBUG o.a.g.SourceCodewriter:55 - Generating class: com.commonsware.empublite.ModelFragment_
17:15:43.252 [Worker-0] DEBUG o.a.g.SourceCodewriter:55 - Generating class: com.commonsware.empublite.NoteActivity_
17:15:43.257 [Worker-0] DEBUG o.a.g.SourceCodewriter:55 - Generating class: com.commonsware.empublite.NoteFragment_
17:15:43.265 [Worker-0] DEBUG o.a.g.SourceCodewriter:55 - Generating class: com.commonsware.empublite.SimpleContentActivity_
17:15:43.271 [Worker-0] DEBUG o.a.g.SourceCodewriter:55 - Generating class: com.commonsware.empublite.SimpleContentFragment_
17:15:43.279 [Worker-0] DEBUG o.a.g.SourceCodewriter:55 - Generating class: com.commonsware.empublite.UpdateReceiver_
17:15:43.284 [Worker-0] INFO  o.a.p.TimeStats:81 - Time measurements: [Whole Processing = 247 ms], [Generate Sources = 86 ms], [Validate Annotations = 63 ms], [Find R Classes = 31 ms], [Process Annotations = 29 ms], [Extract Annotations = 25 ms], [Extract Manifest = 7 ms], 
17:15:43.286 [Worker-0] INFO  o.a.AndroidAnnotationProcessor:123 - Finish processing
18:52:01.923 [Worker-2] INFO  o.a.AndroidAnnotationProcessor:85 - Initialize AndroidAnnotations 3.0.1 with options {phase=BUILD}
18:52:02.145 [Worker-2] INFO  o.a.AndroidAnnotationProcessor:109 - Start processing for 22 annotations on 21 elements
18:52:02.315 [Worker-2] DEBUG o.a.h.AndroidManifestFinder:137 - AndroidManifest.xml file found in parent folder C:\Users\Juan\Documents\GitHub\cw-omnibus\EmPubLite\T20-AndroidAnnotations: C:\Users\Juan\Documents\GitHub\cw-omnibus\EmPubLite\T20-AndroidAnnotations\AndroidManifest.xml
18:52:02.323 [Worker-2] INFO  o.a.AndroidAnnotationProcessor:172 - AndroidManifest.xml found: AndroidManifest [applicationPackage=com.commonsware.empublite, componentQualifiedNames=[com.commonsware.empublite.EmPubLiteActivity_, com.commonsware.empublite.SimpleContentActivity_, com.commonsware.empublite.Preferences, com.commonsware.empublite.NoteActivity_, com.commonsware.empublite.DownloadCheckService_, com.commonsware.empublite.DownloadInstallService_, com.commonsware.empublite.DownloadCompleteReceiver, com.commonsware.empublite.UpdateReceiver_, com.commonsware.empublite.InstallReceiver_], permissionQualifiedNames=[android.permission.INTERNET, android.permission.DOWNLOAD_WITHOUT_NOTIFICATION, android.permission.WRITE_EXTERNAL_STORAGE, android.permission.WAKE_LOCK], applicationClassName=null, libraryProject=false, debugabble=false, minSdkVersion=9, maxSdkVersion=-1, targetSdkVersion=19]
18:52:02.327 [Worker-2] INFO  o.a.r.ProjectRClassFinder:50 - Found project R class: com.commonsware.empublite.R
18:52:02.451 [Worker-2] INFO  o.a.r.AndroidRClassFinder:44 - Found Android class: android.R
18:52:02.730 [Worker-2] INFO  o.a.p.ModelValidator:42 - Validating elements
18:52:02.738 [Worker-2] DEBUG o.a.p.ModelValidator:62 - Validating with EActivityHandler: [com.commonsware.empublite.SimpleContentActivity, com.commonsware.empublite.NoteActivity, com.commonsware.empublite.EmPubLiteActivity]
18:52:02.753 [Worker-2] ERROR o.a.h.AnnotationHelper:110 - @org.androidannotations.annotations.EActivity can only be used on an element that extends android.app.Activity
18:52:02.762 [Worker-2] WARN  o.a.p.ModelValidator:69 - Element EActivityHandler unvalidated by 
18:52:02.763 [Worker-2] ERROR o.a.h.AnnotationHelper:110 - @org.androidannotations.annotations.EActivity can only be used on an element that extends android.app.Activity
18:52:02.763 [Worker-2] WARN  o.a.p.ModelValidator:69 - Element EActivityHandler unvalidated by 
18:52:02.764 [Worker-2] ERROR o.a.h.AnnotationHelper:110 - @org.androidannotations.annotations.EActivity can only be used on an element that extends android.app.Activity
18:52:02.765 [Worker-2] WARN  o.a.p.ModelValidator:69 - Element EActivityHandler unvalidated by 
18:52:02.765 [Worker-2] DEBUG o.a.p.ModelValidator:62 - Validating with EReceiverHandler: [com.commonsware.empublite.InstallReceiver, com.commonsware.empublite.UpdateReceiver]
18:52:02.774 [Worker-2] DEBUG o.a.p.ModelValidator:62 - Validating with EServiceHandler: [com.commonsware.empublite.DownloadInstallService, com.commonsware.empublite.DownloadCheckService]
18:52:02.783 [Worker-2] DEBUG o.a.p.ModelValidator:62 - Validating with EFragmentHandler: [com.commonsware.empublite.ModelFragment, com.commonsware.empublite.NoteFragment, com.commonsware.empublite.SimpleContentFragment]
18:52:02.800 [Worker-2] ERROR o.a.h.AnnotationHelper:110 - @org.androidannotations.annotations.EFragment can only be used on an element that extends one of the following classes: [android.app.Fragment, android.support.v4.app.Fragment]
18:52:02.801 [Worker-2] WARN  o.a.p.ModelValidator:69 - Element EFragmentHandler unvalidated by 
18:52:02.802 [Worker-2] ERROR o.a.h.AnnotationHelper:110 - @org.androidannotations.annotations.EFragment can only be used on an element that extends one of the following classes: [android.app.Fragment, android.support.v4.app.Fragment]
18:52:02.802 [Worker-2] WARN  o.a.p.ModelValidator:69 - Element EFragmentHandler unvalidated by 
18:52:02.804 [Worker-2] ERROR o.a.h.AnnotationHelper:110 - @org.androidannotations.annotations.EFragment can only be used on an element that extends one of the following classes: [android.app.Fragment, android.support.v4.app.Fragment]
18:52:02.804 [Worker-2] WARN  o.a.p.ModelValidator:69 - Element EFragmentHandler unvalidated by 
18:52:02.804 [Worker-2] DEBUG o.a.p.ModelValidator:62 - Validating with EBeanHandler: [com.commonsware.empublite.DatabaseHelper]
18:52:02.813 [Worker-2] DEBUG o.a.p.ModelValidator:62 - Validating with SharedPrefHandler: [com.commonsware.empublite.DownloadPrefs]
18:52:02.836 [Worker-2] DEBUG o.a.p.ModelValidator:62 - Validating with PrefHandler: [prefs, prefs]
18:52:02.850 [Worker-2] DEBUG o.a.p.ModelValidator:62 - Validating with ViewByIdHandler: [divider, editor, sidebar, pager, progressBar]
18:52:02.867 [Worker-2] WARN  o.a.p.ModelValidator:69 - Element ViewByIdHandler unvalidated by 
18:52:02.892 [Worker-2] WARN  o.a.p.ModelValidator:69 - Element ViewByIdHandler unvalidated by 
18:52:02.893 [Worker-2] WARN  o.a.p.ModelValidator:69 - Element ViewByIdHandler unvalidated by 
18:52:02.894 [Worker-2] ERROR o.a.h.AnnotationHelper:110 - @org.androidannotations.annotations.ViewById can only be used on an element that extends android.view.View
18:52:02.895 [Worker-2] WARN  o.a.p.ModelValidator:69 - Element ViewByIdHandler unvalidated by 
18:52:02.896 [Worker-2] WARN  o.a.p.ModelValidator:69 - Element ViewByIdHandler unvalidated by 
18:52:02.897 [Worker-2] DEBUG o.a.p.ModelValidator:62 - Validating with FragmentByIdHandler: [noteFragment, f]
18:52:02.906 [Worker-2] ERROR o.a.h.AnnotationHelper:110 - @org.androidannotations.annotations.FragmentById can only be used on an element that extends one of the following classes: [android.app.Fragment, android.support.v4.app.Fragment]
18:52:02.911 [Worker-2] WARN  o.a.p.ModelValidator:69 - Element FragmentByIdHandler unvalidated by 
18:52:02.912 [Worker-2] ERROR o.a.h.AnnotationHelper:110 - @org.androidannotations.annotations.FragmentById can only be used on an element that extends one of the following classes: [android.app.Fragment, android.support.v4.app.Fragment]
18:52:02.913 [Worker-2] WARN  o.a.p.ModelValidator:69 - Element FragmentByIdHandler unvalidated by 
18:52:02.913 [Worker-2] DEBUG o.a.p.ModelValidator:62 - Validating with FragmentByTagHandler: [help, about, model]
18:52:02.921 [Worker-2] ERROR o.a.h.AnnotationHelper:110 - @org.androidannotations.annotations.FragmentByTag can only be used on an element that extends one of the following classes: [android.app.Fragment, android.support.v4.app.Fragment]
18:52:02.922 [Worker-2] WARN  o.a.p.ModelValidator:69 - Element FragmentByTagHandler unvalidated by 
18:52:02.923 [Worker-2] ERROR o.a.h.AnnotationHelper:110 - @org.androidannotations.annotations.FragmentByTag can only be used on an element that extends one of the following classes: [android.app.Fragment, android.support.v4.app.Fragment]
18:52:02.924 [Worker-2] WARN  o.a.p.ModelValidator:69 - Element FragmentByTagHandler unvalidated by 
18:52:02.925 [Worker-2] ERROR o.a.h.AnnotationHelper:110 - @org.androidannotations.annotations.FragmentByTag can only be used on an element that extends one of the following classes: [android.app.Fragment, android.support.v4.app.Fragment]
18:52:02.925 [Worker-2] WARN  o.a.p.ModelValidator:69 - Element FragmentByTagHandler unvalidated by 
18:52:02.926 [Worker-2] DEBUG o.a.p.ModelValidator:62 - Validating with ExtraHandler: [file]
18:52:02.932 [Worker-2] WARN  o.a.p.ModelValidator:69 - Element ExtraHandler unvalidated by 
18:52:02.932 [Worker-2] DEBUG o.a.p.ModelValidator:62 - Validating with FragmentArgHandler: [file, position]
18:52:02.935 [Worker-2] WARN  o.a.p.ModelValidator:69 - Element FragmentArgHandler unvalidated by 
18:52:02.936 [Worker-2] WARN  o.a.p.ModelValidator:69 - Element FragmentArgHandler unvalidated by 
18:52:02.936 [Worker-2] DEBUG o.a.p.ModelValidator:62 - Validating with SystemServiceHandler: [mgr, mgr]
18:52:02.941 [Worker-2] DEBUG o.a.p.ModelValidator:62 - Validating with OptionsMenuHandler: [com.commonsware.empublite.NoteFragment, com.commonsware.empublite.EmPubLiteActivity]
18:52:02.945 [Worker-2] WARN  o.a.p.ModelValidator:69 - Element OptionsMenuHandler unvalidated by 
18:52:02.946 [Worker-2] WARN  o.a.p.ModelValidator:69 - Element OptionsMenuHandler unvalidated by 
18:52:02.946 [Worker-2] DEBUG o.a.p.ModelValidator:62 - Validating with OptionsItemHandler: [boolean thenDeleteSelected() , boolean homeMenuSelected() , boolean updateMenuSelected() , boolean settingsMenuSelected() , boolean thenSendNotesSelected() , boolean helpMenuSelected() , boolean notesMenuSelected() , boolean aboutMenuSelected() ]
18:52:02.950 [Worker-2] WARN  o.a.p.ModelValidator:69 - Element OptionsItemHandler unvalidated by 
18:52:02.950 [Worker-2] WARN  o.a.p.ModelValidator:69 - Element OptionsItemHandler unvalidated by 
18:52:02.950 [Worker-2] WARN  o.a.p.ModelValidator:69 - Element OptionsItemHandler unvalidated by 
18:52:02.951 [Worker-2] WARN  o.a.p.ModelValidator:69 - Element OptionsItemHandler unvalidated by 
18:52:02.951 [Worker-2] WARN  o.a.p.ModelValidator:69 - Element OptionsItemHandler unvalidated by 
18:52:02.951 [Worker-2] WARN  o.a.p.ModelValidator:69 - Element OptionsItemHandler unvalidated by 
18:52:02.951 [Worker-2] WARN  o.a.p.ModelValidator:69 - Element OptionsItemHandler unvalidated by 
18:52:02.951 [Worker-2] WARN  o.a.p.ModelValidator:69 - Element OptionsItemHandler unvalidated by 
18:52:02.952 [Worker-2] DEBUG o.a.p.ModelValidator:62 - Validating with RootContextHanlder: [context]
18:52:02.955 [Worker-2] DEBUG o.a.p.ModelValidator:62 - Validating with BeanHandler: [db]
18:52:02.959 [Worker-2] WARN  o.a.p.ModelValidator:69 - Element BeanHandler unvalidated by 
18:52:02.959 [Worker-2] DEBUG o.a.p.ModelValidator:62 - Validating with HttpsClientHandler: [httpsClient]
18:52:02.964 [Worker-2] DEBUG o.a.p.ModelValidator:62 - Validating with AfterInjectHandler: [void thenAfterInject() ]
18:52:02.967 [Worker-2] WARN  o.a.p.ModelValidator:69 - Element AfterInjectHandler unvalidated by 
18:52:02.967 [Worker-2] DEBUG o.a.p.ModelValidator:62 - Validating with AfterViewsHandler: [void afterViews() , void thenAfterView() , void thenAfterView() ]
18:52:02.970 [Worker-2] WARN  o.a.p.ModelValidator:69 - Element AfterViewsHandler unvalidated by 
18:52:02.971 [Worker-2] WARN  o.a.p.ModelValidator:69 - Element AfterViewsHandler unvalidated by 
18:52:02.971 [Worker-2] WARN  o.a.p.ModelValidator:69 - Element AfterViewsHandler unvalidated by 
18:52:02.971 [Worker-2] DEBUG o.a.p.ModelValidator:62 - Validating with UiThreadHandler: [void afterUpdateBook(com.commonsware.empublite.BookContents, java.lang.Exception) , void setNoteAsync(com.commonsware.empublite.DatabaseHelper.NoteListener, java.lang.String) , void afterLoadTask(android.content.SharedPreferences) ]
18:52:02.974 [Worker-2] WARN  o.a.p.ModelValidator:69 - Element UiThreadHandler unvalidated by 
18:52:02.974 [Worker-2] WARN  o.a.p.ModelValidator:69 - Element UiThreadHandler unvalidated by 
18:52:02.974 [Worker-2] DEBUG o.a.p.ModelValidator:62 - Validating with BackgroundHandler: [void getNoteAsync(int, com.commonsware.empublite.DatabaseHelper.NoteListener) , void updateBook() , void deleteNoteAsync(int) , void loadTask() , void saveNoteAsync(int, java.lang.String) ]
18:52:02.978 [Worker-2] WARN  o.a.p.ModelValidator:69 - Element BackgroundHandler unvalidated by 
18:52:02.978 [Worker-2] WARN  o.a.p.ModelValidator:69 - Element BackgroundHandler unvalidated by 
18:52:03.82 [Worker-2] INFO  o.a.p.ModelProcessor:73 - Processing root elements
18:52:03.92 [Worker-2] DEBUG o.a.p.ModelProcessor:80 - Processing root elements EReceiverHandler: [com.commonsware.empublite.InstallReceiver, com.commonsware.empublite.UpdateReceiver]
18:52:03.141 [Worker-2] DEBUG o.a.p.ModelProcessor:80 - Processing root elements EServiceHandler: [com.commonsware.empublite.DownloadInstallService, com.commonsware.empublite.DownloadCheckService]
18:52:03.174 [Worker-2] DEBUG o.a.p.ModelProcessor:80 - Processing root elements EBeanHandler: [com.commonsware.empublite.DatabaseHelper]
18:52:03.204 [Worker-2] DEBUG o.a.p.ModelProcessor:80 - Processing root elements SharedPrefHandler: [com.commonsware.empublite.DownloadPrefs]
18:52:03.267 [Worker-2] INFO  o.a.p.ModelProcessor:104 - Processing enclosed elements
18:52:03.282 [Worker-2] INFO  o.a.AndroidAnnotationProcessor:251 - Number of files generated by AndroidAnnotations: 6
18:52:03.286 [Worker-2] INFO  o.a.g.ApiCodeGenerator:52 - Writting following API classes in project: []
18:52:03.306 [Worker-2] DEBUG o.a.g.SourceCodewriter:55 - Generating class: com.commonsware.empublite.DatabaseHelper_
18:52:03.340 [Worker-2] DEBUG o.a.g.SourceCodewriter:55 - Generating class: com.commonsware.empublite.DownloadCheckService_
18:52:03.359 [Worker-2] DEBUG o.a.g.SourceCodewriter:55 - Generating class: com.commonsware.empublite.DownloadInstallService_
18:52:03.370 [Worker-2] DEBUG o.a.g.SourceCodewriter:55 - Generating class: com.commonsware.empublite.DownloadPrefs_
18:52:03.382 [Worker-2] DEBUG o.a.g.SourceCodewriter:55 - Generating class: com.commonsware.empublite.InstallReceiver_
18:52:03.391 [Worker-2] DEBUG o.a.g.SourceCodewriter:55 - Generating class: com.commonsware.empublite.UpdateReceiver_
18:52:03.398 [Worker-2] INFO  o.a.p.TimeStats:81 - Time measurements: [Whole Processing = 1253 ms], [Process Annotations = 303 ms], [Validate Annotations = 250 ms], [Extract Annotations = 164 ms], [Find R Classes = 162 ms], [Generate Sources = 116 ms], [Extract Manifest = 10 ms], 
18:52:03.400 [Worker-2] INFO  o.a.AndroidAnnotationProcessor:123 - Finish processing
18:52:16.86 [Worker-13] INFO  o.a.AndroidAnnotationProcessor:85 - Initialize AndroidAnnotations 3.0.1 with options {phase=BUILD}
18:52:16.104 [Worker-13] INFO  o.a.AndroidAnnotationProcessor:109 - Start processing for 22 annotations on 21 elements
18:52:16.197 [Worker-13] DEBUG o.a.h.AndroidManifestFinder:137 - AndroidManifest.xml file found in parent folder C:\Users\Juan\Documents\GitHub\cw-omnibus\EmPubLite\T20-AndroidAnnotations: C:\Users\Juan\Documents\GitHub\cw-omnibus\EmPubLite\T20-AndroidAnnotations\AndroidManifest.xml
18:52:16.206 [Worker-13] INFO  o.a.AndroidAnnotationProcessor:172 - AndroidManifest.xml found: AndroidManifest [applicationPackage=com.commonsware.empublite, componentQualifiedNames=[com.commonsware.empublite.EmPubLiteActivity_, com.commonsware.empublite.SimpleContentActivity_, com.commonsware.empublite.Preferences, com.commonsware.empublite.NoteActivity_, com.commonsware.empublite.DownloadCheckService_, com.commonsware.empublite.DownloadInstallService_, com.commonsware.empublite.DownloadCompleteReceiver, com.commonsware.empublite.UpdateReceiver_, com.commonsware.empublite.InstallReceiver_], permissionQualifiedNames=[android.permission.INTERNET, android.permission.DOWNLOAD_WITHOUT_NOTIFICATION, android.permission.WRITE_EXTERNAL_STORAGE, android.permission.WAKE_LOCK], applicationClassName=null, libraryProject=false, debugabble=false, minSdkVersion=9, maxSdkVersion=-1, targetSdkVersion=19]
18:52:16.210 [Worker-13] INFO  o.a.r.ProjectRClassFinder:50 - Found project R class: com.commonsware.empublite.R
18:52:16.242 [Worker-13] INFO  o.a.r.AndroidRClassFinder:44 - Found Android class: android.R
18:52:16.288 [Worker-13] INFO  o.a.p.ModelValidator:42 - Validating elements
18:52:16.292 [Worker-13] DEBUG o.a.p.ModelValidator:62 - Validating with EActivityHandler: [com.commonsware.empublite.SimpleContentActivity, com.commonsware.empublite.NoteActivity, com.commonsware.empublite.EmPubLiteActivity]
18:52:16.303 [Worker-13] DEBUG o.a.p.ModelValidator:62 - Validating with EReceiverHandler: [com.commonsware.empublite.InstallReceiver, com.commonsware.empublite.UpdateReceiver]
18:52:16.306 [Worker-13] DEBUG o.a.p.ModelValidator:62 - Validating with EServiceHandler: [com.commonsware.empublite.DownloadInstallService, com.commonsware.empublite.DownloadCheckService]
18:52:16.311 [Worker-13] DEBUG o.a.p.ModelValidator:62 - Validating with EFragmentHandler: [com.commonsware.empublite.ModelFragment, com.commonsware.empublite.NoteFragment, com.commonsware.empublite.SimpleContentFragment]
18:52:16.317 [Worker-13] DEBUG o.a.p.ModelValidator:62 - Validating with EBeanHandler: [com.commonsware.empublite.DatabaseHelper]
18:52:16.323 [Worker-13] DEBUG o.a.p.ModelValidator:62 - Validating with SharedPrefHandler: [com.commonsware.empublite.DownloadPrefs]
18:52:16.333 [Worker-13] DEBUG o.a.p.ModelValidator:62 - Validating with PrefHandler: [prefs, prefs]
18:52:16.348 [Worker-13] DEBUG o.a.p.ModelValidator:62 - Validating with ViewByIdHandler: [sidebar, editor, pager, progressBar, divider]
18:52:16.356 [Worker-13] DEBUG o.a.p.ModelValidator:62 - Validating with FragmentByIdHandler: [noteFragment, f]
18:52:16.361 [Worker-13] ERROR o.a.h.AnnotationHelper:110 - @org.androidannotations.annotations.FragmentById can only be used on an element that extends one of the following classes: [android.app.Fragment, android.support.v4.app.Fragment]
18:52:16.361 [Worker-13] WARN  o.a.p.ModelValidator:69 - Element FragmentByIdHandler unvalidated by 
18:52:16.362 [Worker-13] DEBUG o.a.p.ModelValidator:62 - Validating with FragmentByTagHandler: [about, help, model]
18:52:16.367 [Worker-13] ERROR o.a.h.AnnotationHelper:110 - @org.androidannotations.annotations.FragmentByTag can only be used on an element that extends one of the following classes: [android.app.Fragment, android.support.v4.app.Fragment]
18:52:16.367 [Worker-13] WARN  o.a.p.ModelValidator:69 - Element FragmentByTagHandler unvalidated by 
18:52:16.368 [Worker-13] DEBUG o.a.p.ModelValidator:62 - Validating with ExtraHandler: [file]
18:52:16.386 [Worker-13] DEBUG o.a.p.ModelValidator:62 - Validating with FragmentArgHandler: [file, position]
18:52:16.420 [Worker-13] DEBUG o.a.p.ModelValidator:62 - Validating with SystemServiceHandler: [mgr, mgr]
18:52:16.440 [Worker-13] DEBUG o.a.p.ModelValidator:62 - Validating with OptionsMenuHandler: [com.commonsware.empublite.NoteFragment, com.commonsware.empublite.EmPubLiteActivity]
18:52:16.450 [Worker-13] DEBUG o.a.p.ModelValidator:62 - Validating with OptionsItemHandler: [boolean thenSendNotesSelected() , boolean notesMenuSelected() , boolean helpMenuSelected() , boolean homeMenuSelected() , boolean updateMenuSelected() , boolean thenDeleteSelected() , boolean settingsMenuSelected() , boolean aboutMenuSelected() ]
18:52:16.458 [Worker-13] DEBUG o.a.p.ModelValidator:62 - Validating with RootContextHanlder: [context]
18:52:16.471 [Worker-13] DEBUG o.a.p.ModelValidator:62 - Validating with BeanHandler: [db]
18:52:16.478 [Worker-13] DEBUG o.a.p.ModelValidator:62 - Validating with HttpsClientHandler: [httpsClient]
18:52:16.482 [Worker-13] DEBUG o.a.p.ModelValidator:62 - Validating with AfterInjectHandler: [void thenAfterInject() ]
18:52:16.489 [Worker-13] DEBUG o.a.p.ModelValidator:62 - Validating with AfterViewsHandler: [void thenAfterView() , void afterViews() , void thenAfterView() ]
18:52:16.493 [Worker-13] DEBUG o.a.p.ModelValidator:62 - Validating with UiThreadHandler: [void afterUpdateBook(com.commonsware.empublite.BookContents, java.lang.Exception) , void setNoteAsync(com.commonsware.empublite.DatabaseHelper.NoteListener, java.lang.String) , void afterLoadTask(android.content.SharedPreferences) ]
18:52:16.505 [Worker-13] DEBUG o.a.p.ModelValidator:62 - Validating with BackgroundHandler: [void deleteNoteAsync(int) , void saveNoteAsync(int, java.lang.String) , void getNoteAsync(int, com.commonsware.empublite.DatabaseHelper.NoteListener) , void updateBook() , void loadTask() ]
18:52:16.511 [Worker-13] INFO  o.a.p.ModelProcessor:73 - Processing root elements
18:52:16.523 [Worker-13] DEBUG o.a.p.ModelProcessor:80 - Processing root elements EActivityHandler: [com.commonsware.empublite.SimpleContentActivity, com.commonsware.empublite.NoteActivity, com.commonsware.empublite.EmPubLiteActivity]
18:52:16.549 [Worker-13] DEBUG o.a.p.ModelProcessor:80 - Processing root elements EReceiverHandler: [com.commonsware.empublite.InstallReceiver, com.commonsware.empublite.UpdateReceiver]
18:52:16.554 [Worker-13] DEBUG o.a.p.ModelProcessor:80 - Processing root elements EServiceHandler: [com.commonsware.empublite.DownloadInstallService, com.commonsware.empublite.DownloadCheckService]
18:52:16.559 [Worker-13] DEBUG o.a.p.ModelProcessor:80 - Processing root elements EFragmentHandler: [com.commonsware.empublite.ModelFragment, com.commonsware.empublite.NoteFragment, com.commonsware.empublite.SimpleContentFragment]
18:52:16.576 [Worker-13] DEBUG o.a.p.ModelProcessor:80 - Processing root elements EBeanHandler: [com.commonsware.empublite.DatabaseHelper]
18:52:16.580 [Worker-13] DEBUG o.a.p.ModelProcessor:80 - Processing root elements SharedPrefHandler: [com.commonsware.empublite.DownloadPrefs]
18:52:16.587 [Worker-13] INFO  o.a.p.ModelProcessor:104 - Processing enclosed elements
18:52:16.608 [Worker-13] INFO  o.a.AndroidAnnotationProcessor:251 - Number of files generated by AndroidAnnotations: 12
18:52:16.612 [Worker-13] INFO  o.a.g.ApiCodeGenerator:52 - Writting following API classes in project: []
18:52:16.615 [Worker-13] DEBUG o.a.g.SourceCodewriter:55 - Generating class: com.commonsware.empublite.DatabaseHelper_
18:52:16.633 [Worker-13] DEBUG o.a.g.SourceCodewriter:55 - Generating class: com.commonsware.empublite.DownloadCheckService_
18:52:16.656 [Worker-13] DEBUG o.a.g.SourceCodewriter:55 - Generating class: com.commonsware.empublite.DownloadInstallService_
18:52:16.672 [Worker-13] DEBUG o.a.g.SourceCodewriter:55 - Generating class: com.commonsware.empublite.DownloadPrefs_
18:52:16.683 [Worker-13] DEBUG o.a.g.SourceCodewriter:55 - Generating class: com.commonsware.empublite.EmPubLiteActivity_
18:52:16.704 [Worker-13] DEBUG o.a.g.SourceCodewriter:55 - Generating class: com.commonsware.empublite.InstallReceiver_
18:52:16.715 [Worker-13] DEBUG o.a.g.SourceCodewriter:55 - Generating class: com.commonsware.empublite.ModelFragment_
18:52:16.730 [Worker-13] DEBUG o.a.g.SourceCodewriter:55 - Generating class: com.commonsware.empublite.NoteActivity_
18:52:16.747 [Worker-13] DEBUG o.a.g.SourceCodewriter:55 - Generating class: com.commonsware.empublite.NoteFragment_
18:52:16.767 [Worker-13] DEBUG o.a.g.SourceCodewriter:55 - Generating class: com.commonsware.empublite.SimpleContentActivity_
18:52:16.785 [Worker-13] DEBUG o.a.g.SourceCodewriter:55 - Generating class: com.commonsware.empublite.SimpleContentFragment_
18:52:16.798 [Worker-13] DEBUG o.a.g.SourceCodewriter:55 - Generating class: com.commonsware.empublite.UpdateReceiver_
18:52:16.805 [Worker-13] INFO  o.a.p.TimeStats:81 - Time measurements: [Whole Processing = 701 ms], [Validate Annotations = 223 ms], [Generate Sources = 197 ms], [Process Annotations = 97 ms], [Extract Annotations = 87 ms], [Find R Classes = 78 ms], [Extract Manifest = 10 ms], 
18:52:16.809 [Worker-13] INFO  o.a.AndroidAnnotationProcessor:123 - Finish processing
18:53:04.258 [Worker-15] INFO  o.a.AndroidAnnotationProcessor:85 - Initialize AndroidAnnotations 3.0.1 with options {phase=BUILD}
18:53:04.262 [Worker-15] INFO  o.a.AndroidAnnotationProcessor:109 - Start processing for 22 annotations on 21 elements
18:53:04.298 [Worker-15] DEBUG o.a.h.AndroidManifestFinder:137 - AndroidManifest.xml file found in parent folder C:\Users\Juan\Documents\GitHub\cw-omnibus\EmPubLite\T20-AndroidAnnotations: C:\Users\Juan\Documents\GitHub\cw-omnibus\EmPubLite\T20-AndroidAnnotations\AndroidManifest.xml
18:53:04.304 [Worker-15] INFO  o.a.AndroidAnnotationProcessor:172 - AndroidManifest.xml found: AndroidManifest [applicationPackage=com.commonsware.empublite, componentQualifiedNames=[com.commonsware.empublite.EmPubLiteActivity_, com.commonsware.empublite.SimpleContentActivity_, com.commonsware.empublite.Preferences, com.commonsware.empublite.NoteActivity_, com.commonsware.empublite.DownloadCheckService_, com.commonsware.empublite.DownloadInstallService_, com.commonsware.empublite.DownloadCompleteReceiver, com.commonsware.empublite.UpdateReceiver_, com.commonsware.empublite.InstallReceiver_], permissionQualifiedNames=[android.permission.INTERNET, android.permission.DOWNLOAD_WITHOUT_NOTIFICATION, android.permission.WRITE_EXTERNAL_STORAGE, android.permission.WAKE_LOCK], applicationClassName=null, libraryProject=false, debugabble=false, minSdkVersion=9, maxSdkVersion=-1, targetSdkVersion=19]
18:53:04.306 [Worker-15] INFO  o.a.r.ProjectRClassFinder:50 - Found project R class: com.commonsware.empublite.R
18:53:04.319 [Worker-15] INFO  o.a.r.AndroidRClassFinder:44 - Found Android class: android.R
18:53:04.334 [Worker-15] INFO  o.a.p.ModelValidator:42 - Validating elements
18:53:04.338 [Worker-15] DEBUG o.a.p.ModelValidator:62 - Validating with EActivityHandler: [com.commonsware.empublite.SimpleContentActivity, com.commonsware.empublite.NoteActivity, com.commonsware.empublite.EmPubLiteActivity]
18:53:04.342 [Worker-15] DEBUG o.a.p.ModelValidator:62 - Validating with EReceiverHandler: [com.commonsware.empublite.InstallReceiver, com.commonsware.empublite.UpdateReceiver]
18:53:04.345 [Worker-15] DEBUG o.a.p.ModelValidator:62 - Validating with EServiceHandler: [com.commonsware.empublite.DownloadInstallService, com.commonsware.empublite.DownloadCheckService]
18:53:04.348 [Worker-15] DEBUG o.a.p.ModelValidator:62 - Validating with EFragmentHandler: [com.commonsware.empublite.ModelFragment, com.commonsware.empublite.NoteFragment, com.commonsware.empublite.SimpleContentFragment]
18:53:04.351 [Worker-15] DEBUG o.a.p.ModelValidator:62 - Validating with EBeanHandler: [com.commonsware.empublite.DatabaseHelper]
18:53:04.353 [Worker-15] DEBUG o.a.p.ModelValidator:62 - Validating with SharedPrefHandler: [com.commonsware.empublite.DownloadPrefs]
18:53:04.356 [Worker-15] DEBUG o.a.p.ModelValidator:62 - Validating with PrefHandler: [prefs, prefs]
18:53:04.359 [Worker-15] DEBUG o.a.p.ModelValidator:62 - Validating with ViewByIdHandler: [sidebar, divider, pager, editor, progressBar]
18:53:04.364 [Worker-15] DEBUG o.a.p.ModelValidator:62 - Validating with FragmentByIdHandler: [f, noteFragment]
18:53:04.367 [Worker-15] ERROR o.a.h.AnnotationHelper:110 - @org.androidannotations.annotations.FragmentById can only be used on an element that extends one of the following classes: [android.app.Fragment, android.support.v4.app.Fragment]
18:53:04.367 [Worker-15] WARN  o.a.p.ModelValidator:69 - Element FragmentByIdHandler unvalidated by 
18:53:04.367 [Worker-15] DEBUG o.a.p.ModelValidator:62 - Validating with FragmentByTagHandler: [help, about, model]
18:53:04.370 [Worker-15] ERROR o.a.h.AnnotationHelper:110 - @org.androidannotations.annotations.FragmentByTag can only be used on an element that extends one of the following classes: [android.app.Fragment, android.support.v4.app.Fragment]
18:53:04.370 [Worker-15] WARN  o.a.p.ModelValidator:69 - Element FragmentByTagHandler unvalidated by 
18:53:04.370 [Worker-15] DEBUG o.a.p.ModelValidator:62 - Validating with ExtraHandler: [file]
18:53:04.373 [Worker-15] DEBUG o.a.p.ModelValidator:62 - Validating with FragmentArgHandler: [position, file]
18:53:04.375 [Worker-15] DEBUG o.a.p.ModelValidator:62 - Validating with SystemServiceHandler: [mgr, mgr]
18:53:04.378 [Worker-15] DEBUG o.a.p.ModelValidator:62 - Validating with OptionsMenuHandler: [com.commonsware.empublite.NoteFragment, com.commonsware.empublite.EmPubLiteActivity]
18:53:04.380 [Worker-15] DEBUG o.a.p.ModelValidator:62 - Validating with OptionsItemHandler: [boolean notesMenuSelected() , boolean helpMenuSelected() , boolean settingsMenuSelected() , boolean thenSendNotesSelected() , boolean aboutMenuSelected() , boolean thenDeleteSelected() , boolean homeMenuSelected() , boolean updateMenuSelected() ]
18:53:04.384 [Worker-15] DEBUG o.a.p.ModelValidator:62 - Validating with RootContextHanlder: [context]
18:53:04.387 [Worker-15] DEBUG o.a.p.ModelValidator:62 - Validating with BeanHandler: [db]
18:53:04.389 [Worker-15] DEBUG o.a.p.ModelValidator:62 - Validating with HttpsClientHandler: [httpsClient]
18:53:04.392 [Worker-15] DEBUG o.a.p.ModelValidator:62 - Validating with AfterInjectHandler: [void thenAfterInject() ]
18:53:04.394 [Worker-15] DEBUG o.a.p.ModelValidator:62 - Validating with AfterViewsHandler: [void thenAfterView() , void thenAfterView() , void afterViews() ]
18:53:04.397 [Worker-15] DEBUG o.a.p.ModelValidator:62 - Validating with UiThreadHandler: [void afterLoadTask(android.content.SharedPreferences) , void afterUpdateBook(com.commonsware.empublite.BookContents, java.lang.Exception) , void setNoteAsync(com.commonsware.empublite.DatabaseHelper.NoteListener, java.lang.String) ]
18:53:04.400 [Worker-15] DEBUG o.a.p.ModelValidator:62 - Validating with BackgroundHandler: [void saveNoteAsync(int, java.lang.String) , void loadTask() , void updateBook() , void getNoteAsync(int, com.commonsware.empublite.DatabaseHelper.NoteListener) , void deleteNoteAsync(int) ]
18:53:04.403 [Worker-15] INFO  o.a.p.ModelProcessor:73 - Processing root elements
18:53:04.405 [Worker-15] DEBUG o.a.p.ModelProcessor:80 - Processing root elements EActivityHandler: [com.commonsware.empublite.SimpleContentActivity, com.commonsware.empublite.NoteActivity, com.commonsware.empublite.EmPubLiteActivity]
18:53:04.415 [Worker-15] DEBUG o.a.p.ModelProcessor:80 - Processing root elements EReceiverHandler: [com.commonsware.empublite.InstallReceiver, com.commonsware.empublite.UpdateReceiver]
18:53:04.417 [Worker-15] DEBUG o.a.p.ModelProcessor:80 - Processing root elements EServiceHandler: [com.commonsware.empublite.DownloadInstallService, com.commonsware.empublite.DownloadCheckService]
18:53:04.420 [Worker-15] DEBUG o.a.p.ModelProcessor:80 - Processing root elements EFragmentHandler: [com.commonsware.empublite.ModelFragment, com.commonsware.empublite.NoteFragment, com.commonsware.empublite.SimpleContentFragment]
18:53:04.423 [Worker-15] DEBUG o.a.p.ModelProcessor:80 - Processing root elements EBeanHandler: [com.commonsware.empublite.DatabaseHelper]
18:53:04.425 [Worker-15] DEBUG o.a.p.ModelProcessor:80 - Processing root elements SharedPrefHandler: [com.commonsware.empublite.DownloadPrefs]
18:53:04.429 [Worker-15] INFO  o.a.p.ModelProcessor:104 - Processing enclosed elements
18:53:04.435 [Worker-15] INFO  o.a.AndroidAnnotationProcessor:251 - Number of files generated by AndroidAnnotations: 12
18:53:04.438 [Worker-15] INFO  o.a.g.ApiCodeGenerator:52 - Writting following API classes in project: []
18:53:04.441 [Worker-15] DEBUG o.a.g.SourceCodewriter:55 - Generating class: com.commonsware.empublite.DatabaseHelper_
18:53:04.452 [Worker-15] DEBUG o.a.g.SourceCodewriter:55 - Generating class: com.commonsware.empublite.DownloadCheckService_
18:53:04.459 [Worker-15] DEBUG o.a.g.SourceCodewriter:55 - Generating class: com.commonsware.empublite.DownloadInstallService_
18:53:04.464 [Worker-15] DEBUG o.a.g.SourceCodewriter:55 - Generating class: com.commonsware.empublite.DownloadPrefs_
18:53:04.472 [Worker-15] DEBUG o.a.g.SourceCodewriter:55 - Generating class: com.commonsware.empublite.EmPubLiteActivity_
18:53:04.482 [Worker-15] DEBUG o.a.g.SourceCodewriter:55 - Generating class: com.commonsware.empublite.InstallReceiver_
18:53:04.488 [Worker-15] DEBUG o.a.g.SourceCodewriter:55 - Generating class: com.commonsware.empublite.ModelFragment_
18:53:04.497 [Worker-15] DEBUG o.a.g.SourceCodewriter:55 - Generating class: com.commonsware.empublite.NoteActivity_
18:53:04.503 [Worker-15] DEBUG o.a.g.SourceCodewriter:55 - Generating class: com.commonsware.empublite.NoteFragment_
18:53:04.512 [Worker-15] DEBUG o.a.g.SourceCodewriter:55 - Generating class: com.commonsware.empublite.SimpleContentActivity_
18:53:04.518 [Worker-15] DEBUG o.a.g.SourceCodewriter:55 - Generating class: com.commonsware.empublite.SimpleContentFragment_
18:53:04.525 [Worker-15] DEBUG o.a.g.SourceCodewriter:55 - Generating class: com.commonsware.empublite.UpdateReceiver_
18:53:04.530 [Worker-15] INFO  o.a.p.TimeStats:81 - Time measurements: [Whole Processing = 268 ms], [Generate Sources = 95 ms], [Validate Annotations = 69 ms], [Extract Annotations = 33 ms], [Process Annotations = 32 ms], [Find R Classes = 28 ms], [Extract Manifest = 6 ms], 
18:53:04.533 [Worker-15] INFO  o.a.AndroidAnnotationProcessor:123 - Finish processing
21:36:16.667 [Worker-1] INFO  o.a.AndroidAnnotationProcessor:85 - Initialize AndroidAnnotations 3.0.1 with options {phase=BUILD}
13:35:37.25 [Worker-52] INFO  o.a.AndroidAnnotationProcessor:85 - Initialize AndroidAnnotations 3.0.1 with options {phase=BUILD}
13:35:37.241 [Worker-52] INFO  o.a.AndroidAnnotationProcessor:109 - Start processing for 22 annotations on 21 elements
13:35:37.371 [Worker-52] DEBUG o.a.h.AndroidManifestFinder:137 - AndroidManifest.xml file found in parent folder C:\Users\Juan\Documents\GitHub\cw-omnibus\EmPubLite\T20-AndroidAnnotations: C:\Users\Juan\Documents\GitHub\cw-omnibus\EmPubLite\T20-AndroidAnnotations\AndroidManifest.xml
13:35:37.379 [Worker-52] INFO  o.a.AndroidAnnotationProcessor:172 - AndroidManifest.xml found: AndroidManifest [applicationPackage=com.commonsware.empublite, componentQualifiedNames=[com.commonsware.empublite.EmPubLiteActivity_, com.commonsware.empublite.SimpleContentActivity_, com.commonsware.empublite.Preferences, com.commonsware.empublite.NoteActivity_, com.commonsware.empublite.DownloadCheckService_, com.commonsware.empublite.DownloadInstallService_, com.commonsware.empublite.DownloadCompleteReceiver, com.commonsware.empublite.UpdateReceiver_, com.commonsware.empublite.InstallReceiver_], permissionQualifiedNames=[android.permission.INTERNET, android.permission.DOWNLOAD_WITHOUT_NOTIFICATION, android.permission.WRITE_EXTERNAL_STORAGE, android.permission.WAKE_LOCK], applicationClassName=null, libraryProject=false, debugabble=false, minSdkVersion=9, maxSdkVersion=-1, targetSdkVersion=19]
13:35:37.383 [Worker-52] INFO  o.a.r.ProjectRClassFinder:50 - Found project R class: com.commonsware.empublite.R
13:35:37.399 [Worker-52] INFO  o.a.r.AndroidRClassFinder:44 - Found Android class: android.R
13:35:37.419 [Worker-52] INFO  o.a.p.ModelValidator:42 - Validating elements
13:35:37.422 [Worker-52] DEBUG o.a.p.ModelValidator:62 - Validating with EActivityHandler: [com.commonsware.empublite.SimpleContentActivity, com.commonsware.empublite.NoteActivity, com.commonsware.empublite.EmPubLiteActivity]
13:35:37.427 [Worker-52] DEBUG o.a.p.ModelValidator:62 - Validating with EReceiverHandler: [com.commonsware.empublite.InstallReceiver, com.commonsware.empublite.UpdateReceiver]
13:35:37.429 [Worker-52] DEBUG o.a.p.ModelValidator:62 - Validating with EServiceHandler: [com.commonsware.empublite.DownloadInstallService, com.commonsware.empublite.DownloadCheckService]
13:35:37.432 [Worker-52] DEBUG o.a.p.ModelValidator:62 - Validating with EFragmentHandler: [com.commonsware.empublite.ModelFragment, com.commonsware.empublite.NoteFragment, com.commonsware.empublite.SimpleContentFragment]
13:35:37.435 [Worker-52] DEBUG o.a.p.ModelValidator:62 - Validating with EBeanHandler: [com.commonsware.empublite.DatabaseHelper]
13:35:37.438 [Worker-52] DEBUG o.a.p.ModelValidator:62 - Validating with SharedPrefHandler: [com.commonsware.empublite.DownloadPrefs]
13:35:37.443 [Worker-52] DEBUG o.a.p.ModelValidator:62 - Validating with PrefHandler: [prefs, prefs]
13:35:37.447 [Worker-52] DEBUG o.a.p.ModelValidator:62 - Validating with ViewByIdHandler: [progressBar, pager, sidebar, divider, editor]
13:35:37.484 [Worker-52] DEBUG o.a.p.ModelValidator:62 - Validating with FragmentByIdHandler: [f, noteFragment]
13:35:37.495 [Worker-52] ERROR o.a.h.AnnotationHelper:110 - @org.androidannotations.annotations.FragmentById can only be used on an element that extends one of the following classes: [android.app.Fragment, android.support.v4.app.Fragment]
13:35:37.496 [Worker-52] WARN  o.a.p.ModelValidator:69 - Element FragmentByIdHandler unvalidated by 
13:35:37.496 [Worker-52] DEBUG o.a.p.ModelValidator:62 - Validating with FragmentByTagHandler: [help, about, model]
13:35:37.503 [Worker-52] ERROR o.a.h.AnnotationHelper:110 - @org.androidannotations.annotations.FragmentByTag can only be used on an element that extends one of the following classes: [android.app.Fragment, android.support.v4.app.Fragment]
13:35:37.504 [Worker-52] WARN  o.a.p.ModelValidator:69 - Element FragmentByTagHandler unvalidated by 
13:35:37.504 [Worker-52] DEBUG o.a.p.ModelValidator:62 - Validating with ExtraHandler: [file]
13:35:37.511 [Worker-52] DEBUG o.a.p.ModelValidator:62 - Validating with FragmentArgHandler: [position, file]
13:35:37.515 [Worker-52] DEBUG o.a.p.ModelValidator:62 - Validating with SystemServiceHandler: [mgr, mgr]
13:35:37.519 [Worker-52] DEBUG o.a.p.ModelValidator:62 - Validating with OptionsMenuHandler: [com.commonsware.empublite.NoteFragment, com.commonsware.empublite.EmPubLiteActivity]
13:35:37.524 [Worker-52] DEBUG o.a.p.ModelValidator:62 - Validating with OptionsItemHandler: [boolean settingsMenuSelected() , boolean updateMenuSelected() , boolean aboutMenuSelected() , boolean homeMenuSelected() , boolean notesMenuSelected() , boolean helpMenuSelected() , boolean thenSendNotesSelected() , boolean thenDeleteSelected() ]
13:35:37.531 [Worker-52] DEBUG o.a.p.ModelValidator:62 - Validating with RootContextHanlder: [context]
13:35:37.535 [Worker-52] DEBUG o.a.p.ModelValidator:62 - Validating with BeanHandler: [db]
13:35:37.539 [Worker-52] DEBUG o.a.p.ModelValidator:62 - Validating with HttpsClientHandler: [httpsClient]
13:35:37.544 [Worker-52] DEBUG o.a.p.ModelValidator:62 - Validating with AfterInjectHandler: [void thenAfterInject() ]
13:35:37.547 [Worker-52] DEBUG o.a.p.ModelValidator:62 - Validating with AfterViewsHandler: [void afterViews() , void thenAfterView() , void thenAfterView() ]
13:35:37.550 [Worker-52] DEBUG o.a.p.ModelValidator:62 - Validating with UiThreadHandler: [void afterUpdateBook(com.commonsware.empublite.BookContents, java.lang.Exception) , void setNoteAsync(com.commonsware.empublite.DatabaseHelper.NoteListener, java.lang.String) , void afterLoadTask(android.content.SharedPreferences) ]
13:35:37.553 [Worker-52] DEBUG o.a.p.ModelValidator:62 - Validating with BackgroundHandler: [void saveNoteAsync(int, java.lang.String) , void updateBook() , void loadTask() , void getNoteAsync(int, com.commonsware.empublite.DatabaseHelper.NoteListener) , void deleteNoteAsync(int) ]
13:35:37.569 [Worker-52] INFO  o.a.p.ModelProcessor:73 - Processing root elements
13:35:37.572 [Worker-52] DEBUG o.a.p.ModelProcessor:80 - Processing root elements EActivityHandler: [com.commonsware.empublite.SimpleContentActivity, com.commonsware.empublite.NoteActivity, com.commonsware.empublite.EmPubLiteActivity]
13:35:37.604 [Worker-52] DEBUG o.a.p.ModelProcessor:80 - Processing root elements EReceiverHandler: [com.commonsware.empublite.InstallReceiver, com.commonsware.empublite.UpdateReceiver]
13:35:37.608 [Worker-52] DEBUG o.a.p.ModelProcessor:80 - Processing root elements EServiceHandler: [com.commonsware.empublite.DownloadInstallService, com.commonsware.empublite.DownloadCheckService]
13:35:37.611 [Worker-52] DEBUG o.a.p.ModelProcessor:80 - Processing root elements EFragmentHandler: [com.commonsware.empublite.ModelFragment, com.commonsware.empublite.NoteFragment, com.commonsware.empublite.SimpleContentFragment]
13:35:37.616 [Worker-52] DEBUG o.a.p.ModelProcessor:80 - Processing root elements EBeanHandler: [com.commonsware.empublite.DatabaseHelper]
13:35:37.620 [Worker-52] DEBUG o.a.p.ModelProcessor:80 - Processing root elements SharedPrefHandler: [com.commonsware.empublite.DownloadPrefs]
13:35:37.630 [Worker-52] INFO  o.a.p.ModelProcessor:104 - Processing enclosed elements
13:35:37.649 [Worker-52] INFO  o.a.AndroidAnnotationProcessor:251 - Number of files generated by AndroidAnnotations: 12
13:35:37.654 [Worker-52] INFO  o.a.g.ApiCodeGenerator:52 - Writting following API classes in project: []
13:35:37.658 [Worker-52] DEBUG o.a.g.SourceCodewriter:55 - Generating class: com.commonsware.empublite.DatabaseHelper_
13:35:37.672 [Worker-52] DEBUG o.a.g.SourceCodewriter:55 - Generating class: com.commonsware.empublite.DownloadCheckService_
13:35:37.679 [Worker-52] DEBUG o.a.g.SourceCodewriter:55 - Generating class: com.commonsware.empublite.DownloadInstallService_
13:35:37.686 [Worker-52] DEBUG o.a.g.SourceCodewriter:55 - Generating class: com.commonsware.empublite.DownloadPrefs_
13:35:37.693 [Worker-52] DEBUG o.a.g.SourceCodewriter:55 - Generating class: com.commonsware.empublite.EmPubLiteActivity_
13:35:37.705 [Worker-52] DEBUG o.a.g.SourceCodewriter:55 - Generating class: com.commonsware.empublite.InstallReceiver_
13:35:37.711 [Worker-52] DEBUG o.a.g.SourceCodewriter:55 - Generating class: com.commonsware.empublite.ModelFragment_
13:35:37.719 [Worker-52] DEBUG o.a.g.SourceCodewriter:55 - Generating class: com.commonsware.empublite.NoteActivity_
13:35:37.727 [Worker-52] DEBUG o.a.g.SourceCodewriter:55 - Generating class: com.commonsware.empublite.NoteFragment_
13:35:37.734 [Worker-52] DEBUG o.a.g.SourceCodewriter:55 - Generating class: com.commonsware.empublite.SimpleContentActivity_
13:35:37.742 [Worker-52] DEBUG o.a.g.SourceCodewriter:55 - Generating class: com.commonsware.empublite.SimpleContentFragment_
13:35:37.748 [Worker-52] DEBUG o.a.g.SourceCodewriter:55 - Generating class: com.commonsware.empublite.UpdateReceiver_
13:35:37.794 [Worker-52] INFO  o.a.p.TimeStats:81 - Time measurements: [Whole Processing = 553 ms], [Generate Sources = 145 ms], [Validate Annotations = 137 ms], [Extract Annotations = 122 ms], [Process Annotations = 93 ms], [Find R Classes = 28 ms], [Extract Manifest = 11 ms], 
13:35:37.796 [Worker-52] INFO  o.a.AndroidAnnotationProcessor:123 - Finish processing
13:35:41.652 [Worker-53] INFO  o.a.AndroidAnnotationProcessor:85 - Initialize AndroidAnnotations 3.0.1 with options {phase=BUILD}
